

Microchip MPLAB XC8 Assembler V2.41 build 20230208172133 
                                                                                               Wed Jul 12 23:50:13 2023

Microchip MPLAB XC8 C Compiler v2.41 (Free license) build 20230208172133 Og1 
     1                           	processor	18F4550
     2                           	fnconf	rparam,??,?,0
     3                           	pagewidth 120
     4                           	opt	flic
     5                           	psect	cinit,global,reloc=2,class=CODE,delta=1
     6                           	psect	cstackCOMRAM,global,class=COMRAM,space=1,delta=1,lowdata,noexec
     7                           	psect	text0,global,reloc=2,class=CODE,delta=1
     8                           	psect	intsave_regs,global,class=BIGRAM,space=1,delta=1,noexec
     9                           	psect	rparam,global,class=COMRAM,space=1,delta=1,noexec
    10                           	psect	idloc,global,abs,ovrld,class=IDLOC,space=5,delta=1,noexec
    11                           	psect	config,global,abs,ovrld,class=CONFIG,space=4,delta=1,noexec
    12   000000                     
    13                           ; Version 2.40
    14                           ; Generated 17/11/2021 GMT
    15                           ; 
    16                           ; Copyright © 2021, Microchip Technology Inc. and its subsidiaries ("Microchip")
    17                           ; All rights reserved.
    18                           ; 
    19                           ; This software is developed by Microchip Technology Inc. and its subsidiaries ("Microch
      +                          ip").
    20                           ; 
    21                           ; Redistribution and use in source and binary forms, with or without modification, are
    22                           ; permitted provided that the following conditions are met:
    23                           ; 
    24                           ;     1. Redistributions of source code must retain the above copyright notice, this lis
      +                          t of
    25                           ;        conditions and the following disclaimer.
    26                           ; 
    27                           ;     2. Redistributions in binary form must reproduce the above copyright notice, this 
      +                          list
    28                           ;        of conditions and the following disclaimer in the documentation and/or other
    29                           ;        materials provided with the distribution. Publication is not required when
    30                           ;        this file is used in an embedded application.
    31                           ; 
    32                           ;     3. Microchip's name may not be used to endorse or promote products derived from th
      +                          is
    33                           ;        software without specific prior written permission.
    34                           ; 
    35                           ; THIS SOFTWARE IS PROVIDED BY MICROCHIP "AS IS" AND ANY EXPRESS OR IMPLIED WARRANTIES,
    36                           ; INCLUDING, BUT NOT LIMITED TO, THE IMPLIED WARRANTIES OF MERCHANTABILITY AND FITNESS F
      +                          OR
    37                           ; PURPOSE ARE DISCLAIMED.  IN NO EVENT SHALL MICROCHIP BE LIABLE FOR ANY DIRECT, INDIREC
      +                          T,
    38                           ; INCIDENTAL, SPECIAL, EXEMPLARY, OR CONSEQUENTIAL DAMAGES (INCLUDING BUT NOT LIMITED TO
    39                           ; PROCUREMENT OF SUBSTITUTE GOODS OR SERVICES; LOSS OF USE, DATA OR PROFITS; OR BUSINESS
    40                           ; INTERRUPTION) HOWSOEVER CAUSED AND ON ANY THEORY OF LIABILITY, WHETHER IN CONTRACT, ST
      +                          RICT
    41                           ; LIABILITY, OR TORT (INCLUDING NEGLIGENCE OR OTHERWISE) ARISING IN ANY WAY OUT OF THE U
      +                          SE OF
    42                           ; THIS SOFTWARE, EVEN IF ADVISED OF THE POSSIBILITY OF SUCH DAMAGE.
    43                           ; 
    44                           ; 
    45                           ; Code-generator required, PIC18F4550 Definitions
    46                           ; 
    47                           ; SFR Addresses
    48   000000                     _LATA	set	3977
    49   000000                     _TRISA	set	3986
    50   000000                     _ADCON1	set	4033
    51   000000                     _OSCCON	set	4051
    52                           
    53                           ; #config settings
    54                           
    55                           	psect	cinit
    56   007FC8                     __pcinit:
    57                           	callstack 0
    58   007FC8                     start_initialization:
    59                           	callstack 0
    60   007FC8                     __initialization:
    61                           	callstack 0
    62   007FC8                     end_of_initialization:
    63                           	callstack 0
    64   007FC8                     __end_of__initialization:
    65                           	callstack 0
    66   007FC8  0100               	movlb	0
    67   007FCA  EFE7  F03F         	goto	_main	;jump to C main() function
    68                           
    69                           	psect	cstackCOMRAM
    70   000001                     __pcstackCOMRAM:
    71                           	callstack 0
    72   000001                     ??_main:
    73                           
    74                           ; 1 bytes @ 0x0
    75   000001                     	ds	2
    76                           
    77 ;;
    78 ;;Main: autosize = 0, tempsize = 2, incstack = 0, save=0
    79 ;;
    80 ;; *************** function _main *****************
    81 ;; Defined at:
    82 ;;		line 41 in file "main.c"
    83 ;; Parameters:    Size  Location     Type
    84 ;;		None
    85 ;; Auto vars:     Size  Location     Type
    86 ;;		None
    87 ;; Return value:  Size  Location     Type
    88 ;;                  1    wreg      void 
    89 ;; Registers used:
    90 ;;		wreg, status,2, status,0
    91 ;; Tracked objects:
    92 ;;		On entry : 0/0
    93 ;;		On exit  : 0/0
    94 ;;		Unchanged: 0/0
    95 ;; Data sizes:     COMRAM   BANK0   BANK1   BANK2   BANK3   BANK4   BANK5   BANK6   BANK7
    96 ;;      Params:         0       0       0       0       0       0       0       0       0
    97 ;;      Locals:         0       0       0       0       0       0       0       0       0
    98 ;;      Temps:          2       0       0       0       0       0       0       0       0
    99 ;;      Totals:         2       0       0       0       0       0       0       0       0
   100 ;;Total ram usage:        2 bytes
   101 ;; This function calls:
   102 ;;		Nothing
   103 ;; This function is called by:
   104 ;;		Startup code after reset
   105 ;; This function uses a non-reentrant model
   106 ;;
   107                           
   108                           	psect	text0
   109   007FCE                     __ptext0:
   110                           	callstack 0
   111   007FCE                     _main:
   112                           	callstack 31
   113   007FCE                     
   114                           ;main.c: 53:     OSCCON = 0x72;
   115   007FCE  0E72               	movlw	114
   116   007FD0  6ED3               	movwf	211,c	;volatile
   117                           
   118                           ;main.c: 61:     ADCON1 = 0x0F;
   119   007FD2  0E0F               	movlw	15
   120   007FD4  6EC1               	movwf	193,c	;volatile
   121                           
   122                           ;main.c: 97:     TRISA = 0x00;
   123   007FD6  0E00               	movlw	0
   124   007FD8  6E92               	movwf	146,c	;volatile
   125                           
   126                           ;main.c: 98:     LATA = 0x00;
   127   007FDA  0E00               	movlw	0
   128   007FDC  6E89               	movwf	137,c	;volatile
   129   007FDE                     l696:
   130                           
   131                           ;main.c: 107:         LATA ^= 0xFF;
   132   007FDE  0EFF               	movlw	255
   133   007FE0  1A89               	xorwf	137,f,c	;volatile
   134   007FE2                     
   135                           ;main.c: 113:         _delay((unsigned long)((500)*(8000000/4000.0)));
   136   007FE2  0E06               	movlw	6
   137   007FE4  6E02               	movwf	(??_main+1)^0,c
   138   007FE6  0E13               	movlw	19
   139   007FE8  6E01               	movwf	??_main^0,c
   140   007FEA  0EAE               	movlw	174
   141   007FEC                     u17:
   142   007FEC  2EE8               	decfsz	wreg,f,c
   143   007FEE  D7FE               	bra	u17
   144   007FF0  2E01               	decfsz	??_main^0,f,c
   145   007FF2  D7FC               	bra	u17
   146   007FF4  2E02               	decfsz	(??_main+1)^0,f,c
   147   007FF6  D7FA               	bra	u17
   148   007FF8  EFEF  F03F         	goto	l696
   149   007FFC  EF00  F000         	goto	start
   150   008000                     __end_of_main:
   151                           	callstack 0
   152   000000                     
   153                           	psect	rparam
   154   000000                     
   155                           	psect	idloc
   156                           
   157                           ;Config register IDLOC0 @ 0x200000
   158                           ;	unspecified, using default values
   159   200000                     	org	2097152
   160   200000  FF                 	db	255
   161                           
   162                           ;Config register IDLOC1 @ 0x200001
   163                           ;	unspecified, using default values
   164   200001                     	org	2097153
   165   200001  FF                 	db	255
   166                           
   167                           ;Config register IDLOC2 @ 0x200002
   168                           ;	unspecified, using default values
   169   200002                     	org	2097154
   170   200002  FF                 	db	255
   171                           
   172                           ;Config register IDLOC3 @ 0x200003
   173                           ;	unspecified, using default values
   174   200003                     	org	2097155
   175   200003  FF                 	db	255
   176                           
   177                           ;Config register IDLOC4 @ 0x200004
   178                           ;	unspecified, using default values
   179   200004                     	org	2097156
   180   200004  FF                 	db	255
   181                           
   182                           ;Config register IDLOC5 @ 0x200005
   183                           ;	unspecified, using default values
   184   200005                     	org	2097157
   185   200005  FF                 	db	255
   186                           
   187                           ;Config register IDLOC6 @ 0x200006
   188                           ;	unspecified, using default values
   189   200006                     	org	2097158
   190   200006  FF                 	db	255
   191                           
   192                           ;Config register IDLOC7 @ 0x200007
   193                           ;	unspecified, using default values
   194   200007                     	org	2097159
   195   200007  FF                 	db	255
   196                           
   197                           	psect	config
   198                           
   199                           ;Config register CONFIG1L @ 0x300000
   200                           ;	unspecified, using default values
   201                           ;	PLL Prescaler Selection bits
   202                           ;	PLLDIV = 0x0, unprogrammed default
   203                           ;	System Clock Postscaler Selection bits
   204                           ;	CPUDIV = 0x0, unprogrammed default
   205                           ;	USB Clock Selection bit (used in Full-Speed USB mode only; UCFG:FSEN = 1)
   206                           ;	USBDIV = 0x0, unprogrammed default
   207   300000                     	org	3145728
   208   300000  00                 	db	0
   209                           
   210                           ;Config register CONFIG1H @ 0x300001
   211                           ;	Oscillator Selection bits
   212                           ;	FOSC = INTOSCIO_EC, Internal oscillator, port function on RA6, EC used by USB (INTIO)
   213                           ;	Fail-Safe Clock Monitor Enable bit
   214                           ;	FCMEN = 0x0, unprogrammed default
   215                           ;	Internal/External Oscillator Switchover bit
   216                           ;	IESO = 0x0, unprogrammed default
   217   300001                     	org	3145729
   218   300001  08                 	db	8
   219                           
   220                           ;Config register CONFIG2L @ 0x300002
   221                           ;	unspecified, using default values
   222                           ;	Power-up Timer Enable bit
   223                           ;	PWRT = 0x1, unprogrammed default
   224                           ;	Brown-out Reset Enable bits
   225                           ;	BOR = 0x3, unprogrammed default
   226                           ;	Brown-out Reset Voltage bits
   227                           ;	BORV = 0x3, unprogrammed default
   228                           ;	USB Voltage Regulator Enable bit
   229                           ;	VREGEN = 0x0, unprogrammed default
   230   300002                     	org	3145730
   231   300002  1F                 	db	31
   232                           
   233                           ;Config register CONFIG2H @ 0x300003
   234                           ;	Watchdog Timer Enable bit
   235                           ;	WDT = OFF, WDT disabled (control is placed on the SWDTEN bit)
   236                           ;	Watchdog Timer Postscale Select bits
   237                           ;	WDTPS = 0xF, unprogrammed default
   238   300003                     	org	3145731
   239   300003  1E                 	db	30
   240                           
   241                           ; Padding undefined space
   242   300004                     	org	3145732
   243   300004  FF                 	db	255
   244                           
   245                           ;Config register CONFIG3H @ 0x300005
   246                           ;	unspecified, using default values
   247                           ;	CCP2 MUX bit
   248                           ;	CCP2MX = 0x1, unprogrammed default
   249                           ;	PORTB A/D Enable bit
   250                           ;	PBADEN = 0x1, unprogrammed default
   251                           ;	Low-Power Timer 1 Oscillator Enable bit
   252                           ;	LPT1OSC = 0x0, unprogrammed default
   253                           ;	MCLR Pin Enable bit
   254                           ;	MCLRE = 0x1, unprogrammed default
   255   300005                     	org	3145733
   256   300005  83                 	db	131
   257                           
   258                           ;Config register CONFIG4L @ 0x300006
   259                           ;	Stack Full/Underflow Reset Enable bit
   260                           ;	STVREN = 0x1, unprogrammed default
   261                           ;	Single-Supply ICSP Enable bit
   262                           ;	LVP = OFF, Single-Supply ICSP disabled
   263                           ;	Dedicated In-Circuit Debug/Programming Port (ICPORT) Enable bit
   264                           ;	ICPRT = 0x0, unprogrammed default
   265                           ;	Extended Instruction Set Enable bit
   266                           ;	XINST = 0x0, unprogrammed default
   267                           ;	Background Debugger Enable bit
   268                           ;	DEBUG = 0x1, unprogrammed default
   269   300006                     	org	3145734
   270   300006  81                 	db	129
   271                           
   272                           ; Padding undefined space
   273   300007                     	org	3145735
   274   300007  FF                 	db	255
   275                           
   276                           ;Config register CONFIG5L @ 0x300008
   277                           ;	unspecified, using default values
   278                           ;	Code Protection bit
   279                           ;	CP0 = 0x1, unprogrammed default
   280                           ;	Code Protection bit
   281                           ;	CP1 = 0x1, unprogrammed default
   282                           ;	Code Protection bit
   283                           ;	CP2 = 0x1, unprogrammed default
   284                           ;	Code Protection bit
   285                           ;	CP3 = 0x1, unprogrammed default
   286   300008                     	org	3145736
   287   300008  0F                 	db	15
   288                           
   289                           ;Config register CONFIG5H @ 0x300009
   290                           ;	unspecified, using default values
   291                           ;	Boot Block Code Protection bit
   292                           ;	CPB = 0x1, unprogrammed default
   293                           ;	Data EEPROM Code Protection bit
   294                           ;	CPD = 0x1, unprogrammed default
   295   300009                     	org	3145737
   296   300009  C0                 	db	192
   297                           
   298                           ;Config register CONFIG6L @ 0x30000A
   299                           ;	unspecified, using default values
   300                           ;	Write Protection bit
   301                           ;	WRT0 = 0x1, unprogrammed default
   302                           ;	Write Protection bit
   303                           ;	WRT1 = 0x1, unprogrammed default
   304                           ;	Write Protection bit
   305                           ;	WRT2 = 0x1, unprogrammed default
   306                           ;	Write Protection bit
   307                           ;	WRT3 = 0x1, unprogrammed default
   308   30000A                     	org	3145738
   309   30000A  0F                 	db	15
   310                           
   311                           ;Config register CONFIG6H @ 0x30000B
   312                           ;	unspecified, using default values
   313                           ;	Configuration Register Write Protection bit
   314                           ;	WRTC = 0x1, unprogrammed default
   315                           ;	Boot Block Write Protection bit
   316                           ;	WRTB = 0x1, unprogrammed default
   317                           ;	Data EEPROM Write Protection bit
   318                           ;	WRTD = 0x1, unprogrammed default
   319   30000B                     	org	3145739
   320   30000B  E0                 	db	224
   321                           
   322                           ;Config register CONFIG7L @ 0x30000C
   323                           ;	unspecified, using default values
   324                           ;	Table Read Protection bit
   325                           ;	EBTR0 = 0x1, unprogrammed default
   326                           ;	Table Read Protection bit
   327                           ;	EBTR1 = 0x1, unprogrammed default
   328                           ;	Table Read Protection bit
   329                           ;	EBTR2 = 0x1, unprogrammed default
   330                           ;	Table Read Protection bit
   331                           ;	EBTR3 = 0x1, unprogrammed default
   332   30000C                     	org	3145740
   333   30000C  0F                 	db	15
   334                           
   335                           ;Config register CONFIG7H @ 0x30000D
   336                           ;	unspecified, using default values
   337                           ;	Boot Block Table Read Protection bit
   338                           ;	EBTRB = 0x1, unprogrammed default
   339   30000D                     	org	3145741
   340   30000D  40                 	db	64
   341                           tosu	equ	0xFFF
   342                           tosh	equ	0xFFE
   343                           tosl	equ	0xFFD
   344                           stkptr	equ	0xFFC
   345                           pclatu	equ	0xFFB
   346                           pclath	equ	0xFFA
   347                           pcl	equ	0xFF9
   348                           tblptru	equ	0xFF8
   349                           tblptrh	equ	0xFF7
   350                           tblptrl	equ	0xFF6
   351                           tablat	equ	0xFF5
   352                           prodh	equ	0xFF4
   353                           prodl	equ	0xFF3
   354                           indf0	equ	0xFEF
   355                           postinc0	equ	0xFEE
   356                           postdec0	equ	0xFED
   357                           preinc0	equ	0xFEC
   358                           plusw0	equ	0xFEB
   359                           fsr0h	equ	0xFEA
   360                           fsr0l	equ	0xFE9
   361                           wreg	equ	0xFE8
   362                           indf1	equ	0xFE7
   363                           postinc1	equ	0xFE6
   364                           postdec1	equ	0xFE5
   365                           preinc1	equ	0xFE4
   366                           plusw1	equ	0xFE3
   367                           fsr1h	equ	0xFE2
   368                           fsr1l	equ	0xFE1
   369                           bsr	equ	0xFE0
   370                           indf2	equ	0xFDF
   371                           postinc2	equ	0xFDE
   372                           postdec2	equ	0xFDD
   373                           preinc2	equ	0xFDC
   374                           plusw2	equ	0xFDB
   375                           fsr2h	equ	0xFDA
   376                           fsr2l	equ	0xFD9
   377                           status	equ	0xFD8

Data Sizes:
    Strings     0
    Constant    0
    Data        0
    BSS         0
    Persistent  0
    Stack       0

Auto Spaces:
    Space          Size  Autos    Used
    COMRAM           95      2       2
    BANK0           160      0       0
    BANK1           256      0       0
    BANK2           256      0       0
    BANK3           256      0       0
    BANK4           256      0       0
    BANK5           256      0       0
    BANK6           256      0       0
    BANK7           256      0       0

Pointer List with Targets:

    None.

Critical Paths under _main in COMRAM

    None.

Critical Paths under _main in BANK0

    None.

Critical Paths under _main in BANK1

    None.

Critical Paths under _main in BANK2

    None.

Critical Paths under _main in BANK3

    None.

Critical Paths under _main in BANK4

    None.

Critical Paths under _main in BANK5

    None.

Critical Paths under _main in BANK6

    None.

Critical Paths under _main in BANK7

    None.

Call Graph Tables:

 ---------------------------------------------------------------------------------
 (Depth) Function   	        Calls       Base Space   Used Autos Params    Refs
 ---------------------------------------------------------------------------------
 (0) _main                                                 2     2      0       0
                                              0 COMRAM     2     2      0
 ---------------------------------------------------------------------------------
 Estimated maximum stack depth 0
 ---------------------------------------------------------------------------------

 Call Graph Graphs:

 _main (ROOT)

 Address spaces:
Name               Size   Autos  Total    Cost      Usage
BITCOMRAM           5F      0       0       0        0.0%
EEDATA             100      0       0       0        0.0%
NULL                 0      0       0       0        0.0%
CODE                 0      0       0       0        0.0%
COMRAM              5F      2       2       1        2.1%
STACK                0      0       0       2        0.0%
ABS                  0      0       0       3        0.0%
DATA                 0      0       0       4        0.0%
BITBANK0            A0      0       0       5        0.0%
BANK0               A0      0       0       6        0.0%
BITBANK1           100      0       0       7        0.0%
BANK1              100      0       0       8        0.0%
BITBANK2           100      0       0       9        0.0%
BANK2              100      0       0      10        0.0%
BITBANK3           100      0       0      11        0.0%
BANK3              100      0       0      12        0.0%
BITBANK4           100      0       0      13        0.0%
BANK4              100      0       0      14        0.0%
BITBANK5           100      0       0      15        0.0%
BANK5              100      0       0      16        0.0%
BITBANK6           100      0       0      17        0.0%
BANK6              100      0       0      18        0.0%
BITBANK7           100      0       0      19        0.0%
BANK7              100      0       0      20        0.0%
BITBIGSFRh          2C      0       0      21        0.0%
BITBIGSFRlh         11      0       0      22        0.0%
BITBIGSFRllh        2E      0       0      23        0.0%
BITBIGSFRlllh        8      0       0      24        0.0%
BITBIGSFRllll       29      0       0      25        0.0%
BIGRAM             7FF      0       0      26        0.0%
BIGSFR               0      0       0     200        0.0%
BITSFR               0      0       0     200        0.0%
SFR                  0      0       0     200        0.0%


Microchip Technology PIC18 Macro Assembler V2.41 build 20230208172133 
Symbol Table                                                                                   Wed Jul 12 23:50:13 2023

                     u17 7FEC                      l694 7FCE                      l696 7FDE  
                    l698 7FE2                      wreg 0FE8                     _LATA 0F89  
                   _main 7FCE                     start 0000             ___param_bank 0000  
                  ?_main 0001                    _TRISA 0F92          __initialization 7FC8  
           __end_of_main 8000                   ??_main 0001            __activetblptr 0000  
                 _ADCON1 0FC1                   _OSCCON 0FD3                   isa$std 0001  
             __accesstop 0060  __end_of__initialization 7FC8            ___rparam_used 0001  
         __pcstackCOMRAM 0001                  __Hparam 0000                  __Lparam 0000  
                __pcinit 7FC8                  __ramtop 0800                  __ptext0 7FCE  
   end_of_initialization 7FC8      start_initialization 7FC8                 __Hrparam 0000  
               __Lrparam 0000                 isa$xinst 0000  
