

Microchip MPLAB XC8 Assembler V2.41 build 20230208172133 
                                                                                               Tue Jan 16 12:03:52 2024

Microchip MPLAB XC8 C Compiler v2.41 (Free license) build 20230208172133 Og1 
     1                           	processor	18F46K22
     2                           	fnconf	rparam,??,?,0
     3                           	pagewidth 120
     4                           	opt	flic
     5                           	psect	cinit,global,reloc=2,class=CODE,delta=1
     6                           	psect	cstackCOMRAM,global,class=COMRAM,space=1,delta=1,lowdata,noexec
     7                           	psect	text0,global,reloc=2,class=CODE,delta=1
     8                           	psect	intsave_regs,global,class=BIGRAM,space=1,delta=1,noexec
     9                           	psect	rparam,global,class=COMRAM,space=1,delta=1,noexec
    10   000000                     
    11                           ; Generated 09/02/2023 GMT
    12                           ; 
    13                           ; Copyright © 2023, Microchip Technology Inc. and its subsidiaries ("Microchip")
    14                           ; All rights reserved.
    15                           ; 
    16                           ; This software is developed by Microchip Technology Inc. and its subsidiaries ("Microch
      +                          ip").
    17                           ; 
    18                           ; Redistribution and use in source and binary forms, with or without modification, are
    19                           ; permitted provided that the following conditions are met:
    20                           ; 
    21                           ;     1. Redistributions of source code must retain the above copyright notice, this lis
      +                          t of
    22                           ;        conditions and the following disclaimer.
    23                           ; 
    24                           ;     2. Redistributions in binary form must reproduce the above copyright notice, this 
      +                          list
    25                           ;        of conditions and the following disclaimer in the documentation and/or other
    26                           ;        materials provided with the distribution. Publication is not required when
    27                           ;        this file is used in an embedded application.
    28                           ; 
    29                           ;     3. Microchip's name may not be used to endorse or promote products derived from th
      +                          is
    30                           ;        software without specific prior written permission.
    31                           ; 
    32                           ; THIS SOFTWARE IS PROVIDED BY MICROCHIP "AS IS" AND ANY EXPRESS OR IMPLIED WARRANTIES,
    33                           ; INCLUDING, BUT NOT LIMITED TO, THE IMPLIED WARRANTIES OF MERCHANTABILITY AND FITNESS F
      +                          OR
    34                           ; PURPOSE ARE DISCLAIMED.  IN NO EVENT SHALL MICROCHIP BE LIABLE FOR ANY DIRECT, INDIREC
      +                          T,
    35                           ; INCIDENTAL, SPECIAL, EXEMPLARY, OR CONSEQUENTIAL DAMAGES (INCLUDING BUT NOT LIMITED TO
    36                           ; PROCUREMENT OF SUBSTITUTE GOODS OR SERVICES; LOSS OF USE, DATA OR PROFITS; OR BUSINESS
    37                           ; INTERRUPTION) HOWSOEVER CAUSED AND ON ANY THEORY OF LIABILITY, WHETHER IN CONTRACT, ST
      +                          RICT
    38                           ; LIABILITY, OR TORT (INCLUDING NEGLIGENCE OR OTHERWISE) ARISING IN ANY WAY OUT OF THE U
      +                          SE OF
    39                           ; THIS SOFTWARE, EVEN IF ADVISED OF THE POSSIBILITY OF SUCH DAMAGE.
    40                           ; 
    41                           ; 
    42                           ; Code-generator required, PIC18F46K22 Definitions
    43                           ; 
    44                           ; SFR Addresses
    45   000000                     
    46                           ; #config settings
    47                           
    48                           	psect	cinit
    49   00FFFA                     __pcinit:
    50                           	callstack 0
    51   00FFFA                     start_initialization:
    52                           	callstack 0
    53   00FFFA                     __initialization:
    54                           	callstack 0
    55   00FFFA                     end_of_initialization:
    56                           	callstack 0
    57   00FFFA                     __end_of__initialization:
    58                           	callstack 0
    59   00FFFA  0100               	movlb	0
    60   00FFFC  EFFB  F07F         	goto	_main	;jump to C main() function
    61                           
    62                           	psect	cstackCOMRAM
    63   000000                     __pcstackCOMRAM:
    64                           	callstack 0
    65   000000                     
    66                           ; 1 bytes @ 0x0
    67 ;;
    68 ;;Main: autosize = 0, tempsize = 0, incstack = 0, save=0
    69 ;;
    70 ;; *************** function _main *****************
    71 ;; Defined at:
    72 ;;		line 11 in file "main.c"
    73 ;; Parameters:    Size  Location     Type
    74 ;;		None
    75 ;; Auto vars:     Size  Location     Type
    76 ;;		None
    77 ;; Return value:  Size  Location     Type
    78 ;;                  1    wreg      void 
    79 ;; Registers used:
    80 ;;		None
    81 ;; Tracked objects:
    82 ;;		On entry : 0/0
    83 ;;		On exit  : 0/0
    84 ;;		Unchanged: 0/0
    85 ;; Data sizes:     COMRAM   BANK0   BANK1   BANK2   BANK3   BANK4   BANK5   BANK6   BANK7   BANK8   BANK9  BANK10  BANK1
      +1  BANK12  BANK13  BANK14  BANK15
    86 ;;      Params:         0       0       0       0       0       0       0       0       0       0       0       0       
      +0       0       0       0       0
    87 ;;      Locals:         0       0       0       0       0       0       0       0       0       0       0       0       
      +0       0       0       0       0
    88 ;;      Temps:          0       0       0       0       0       0       0       0       0       0       0       0       
      +0       0       0       0       0
    89 ;;      Totals:         0       0       0       0       0       0       0       0       0       0       0       0       
      +0       0       0       0       0
    90 ;;Total ram usage:        0 bytes
    91 ;; This function calls:
    92 ;;		Nothing
    93 ;; This function is called by:
    94 ;;		Startup code after reset
    95 ;; This function uses a non-reentrant model
    96 ;;
    97                           
    98                           	psect	text0
    99   00FFF6                     __ptext0:
   100                           	callstack 0
   101   00FFF6                     _main:
   102                           	callstack 31
   103   00FFF6  EF00  F000         	goto	start
   104   00FFFA                     __end_of_main:
   105                           	callstack 0
   106   000000                     
   107                           	psect	rparam
   108   000000                     tosu	equ	0xFFF
   109                           tosh	equ	0xFFE
   110                           tosl	equ	0xFFD
   111                           stkptr	equ	0xFFC
   112                           pclatu	equ	0xFFB
   113                           pclath	equ	0xFFA
   114                           pcl	equ	0xFF9
   115                           tblptru	equ	0xFF8
   116                           tblptrh	equ	0xFF7
   117                           tblptrl	equ	0xFF6
   118                           tablat	equ	0xFF5
   119                           prodh	equ	0xFF4
   120                           prodl	equ	0xFF3
   121                           indf0	equ	0xFEF
   122                           postinc0	equ	0xFEE
   123                           postdec0	equ	0xFED
   124                           preinc0	equ	0xFEC
   125                           plusw0	equ	0xFEB
   126                           fsr0h	equ	0xFEA
   127                           fsr0l	equ	0xFE9
   128                           wreg	equ	0xFE8
   129                           indf1	equ	0xFE7
   130                           postinc1	equ	0xFE6
   131                           postdec1	equ	0xFE5
   132                           preinc1	equ	0xFE4
   133                           plusw1	equ	0xFE3
   134                           fsr1h	equ	0xFE2
   135                           fsr1l	equ	0xFE1
   136                           bsr	equ	0xFE0
   137                           indf2	equ	0xFDF
   138                           postinc2	equ	0xFDE
   139                           postdec2	equ	0xFDD
   140                           preinc2	equ	0xFDC
   141                           plusw2	equ	0xFDB
   142                           fsr2h	equ	0xFDA
   143                           fsr2l	equ	0xFD9
   144                           status	equ	0xFD8

Data Sizes:
    Strings     0
    Constant    0
    Data        0
    BSS         0
    Persistent  0
    Stack       0

Auto Spaces:
    Space          Size  Autos    Used
    COMRAM           95      0       0
    BANK0           160      0       0
    BANK1           256      0       0
    BANK2           256      0       0
    BANK3           256      0       0
    BANK4           256      0       0
    BANK5           256      0       0
    BANK6           256      0       0
    BANK7           256      0       0
    BANK8           256      0       0
    BANK9           256      0       0
    BANK10          256      0       0
    BANK11          256      0       0
    BANK12          256      0       0
    BANK13          256      0       0
    BANK14          256      0       0
    BANK15           56      0       0

Pointer List with Targets:

    None.

Critical Paths under _main in COMRAM

    None.

Critical Paths under _main in BANK0

    None.

Critical Paths under _main in BANK1

    None.

Critical Paths under _main in BANK2

    None.

Critical Paths under _main in BANK3

    None.

Critical Paths under _main in BANK4

    None.

Critical Paths under _main in BANK5

    None.

Critical Paths under _main in BANK6

    None.

Critical Paths under _main in BANK7

    None.

Critical Paths under _main in BANK8

    None.

Critical Paths under _main in BANK9

    None.

Critical Paths under _main in BANK10

    None.

Critical Paths under _main in BANK11

    None.

Critical Paths under _main in BANK12

    None.

Critical Paths under _main in BANK13

    None.

Critical Paths under _main in BANK14

    None.

Critical Paths under _main in BANK15

    None.

Call Graph Tables:

 ---------------------------------------------------------------------------------
 (Depth) Function   	        Calls       Base Space   Used Autos Params    Refs
 ---------------------------------------------------------------------------------
 (0) _main                                                 0     0      0       0
 ---------------------------------------------------------------------------------
 Estimated maximum stack depth 0
 ---------------------------------------------------------------------------------

 Call Graph Graphs:

 _main (ROOT)

 Address spaces:
Name               Size   Autos  Total    Cost      Usage
BITCOMRAM           5F      0       0       0        0.0%
EEDATA             400      0       0       0        0.0%
NULL                 0      0       0       0        0.0%
CODE                 0      0       0       0        0.0%
COMRAM              5F      0       0       1        0.0%
STACK                0      0       0       2        0.0%
DATA                 0      0       0       3        0.0%
BITBANK0            A0      0       0       4        0.0%
BANK0               A0      0       0       5        0.0%
BITBANK1           100      0       0       6        0.0%
BANK1              100      0       0       7        0.0%
BITBANK2           100      0       0       8        0.0%
BANK2              100      0       0       9        0.0%
BITBANK3           100      0       0      10        0.0%
BANK3              100      0       0      11        0.0%
BITBANK4           100      0       0      12        0.0%
BANK4              100      0       0      13        0.0%
BITBANK5           100      0       0      14        0.0%
BANK5              100      0       0      15        0.0%
BITBANK6           100      0       0      16        0.0%
BANK6              100      0       0      17        0.0%
BITBANK7           100      0       0      18        0.0%
BANK7              100      0       0      19        0.0%
BITBANK8           100      0       0      20        0.0%
BANK8              100      0       0      21        0.0%
BITBANK9           100      0       0      22        0.0%
BANK9              100      0       0      23        0.0%
BITBANK10          100      0       0      24        0.0%
BANK10             100      0       0      25        0.0%
BITBANK11          100      0       0      26        0.0%
BANK11             100      0       0      27        0.0%
BITBANK12          100      0       0      28        0.0%
BANK12             100      0       0      29        0.0%
BITBANK13          100      0       0      30        0.0%
BANK13             100      0       0      31        0.0%
BITBANK14          100      0       0      32        0.0%
BANK14             100      0       0      33        0.0%
BITBANK15           38      0       0      34        0.0%
BANK15              38      0       0      35        0.0%
BITBIGSFR           C8      0       0      36        0.0%
ABS                  0      0       0      37        0.0%
BIGRAM             F37      0       0      38        0.0%
BIGSFR               0      0       0     200        0.0%
BITSFR_1             0      0       0     200        0.0%
SFR_1                0      0       0     200        0.0%
BITSFR               0      0       0     200        0.0%
SFR                  0      0       0     200        0.0%


Microchip Technology PIC18 Macro Assembler V2.41 build 20230208172133 
Symbol Table                                                                                   Tue Jan 16 12:03:52 2024

                      l5 FFF6                      l681 FFF6                     _main FFF6  
                   start 0000             ___param_bank 0000                    ?_main 0000  
        __initialization FFFA             __end_of_main FFFA                   ??_main 0000  
          __activetblptr 0000                   isa$std 0001               __accesstop 0060  
__end_of__initialization FFFA            ___rparam_used 0001           __pcstackCOMRAM 0000  
                __Hparam 0000                  __Lparam 0000                  __pcinit FFFA  
                __ramtop 1000                  __ptext0 FFF6     end_of_initialization FFFA  
    start_initialization FFFA                 __Hrparam 0000                 __Lrparam 0000  
               isa$xinst 0000  
