

Microchip MPLAB XC8 Assembler V2.41 build 20230208172133 
                                                                                               Sun Sep 10 15:45:53 2023

Microchip MPLAB XC8 C Compiler v2.41 (Free license) build 20230208172133 Og1 
     1                           	processor	18F4550
     2                           	fnconf	rparam,??,?,0
     3                           	pagewidth 120
     4                           	opt	flic
     5                           	psect	cinit,global,reloc=2,class=CODE,delta=1
     6                           	psect	cstackCOMRAM,global,class=COMRAM,space=1,delta=1,lowdata,noexec
     7                           	psect	text0,global,reloc=2,class=CODE,delta=1
     8                           	psect	text1,global,reloc=2,class=CODE,delta=1
     9                           	psect	text2,global,reloc=2,class=CODE,delta=1
    10                           	psect	intsave_regs,global,class=BIGRAM,space=1,delta=1,noexec
    11                           	psect	rparam,global,class=COMRAM,space=1,delta=1,noexec
    12                           	psect	config,global,abs,ovrld,class=CONFIG,space=4,delta=1,noexec
    13   000000                     
    14                           ; Generated 23/03/2023 GMT
    15                           ; 
    16                           ; Copyright © 2023, Microchip Technology Inc. and its subsidiaries ("Microchip")
    17                           ; All rights reserved.
    18                           ; 
    19                           ; This software is developed by Microchip Technology Inc. and its subsidiaries ("Microch
      +                          ip").
    20                           ; 
    21                           ; Redistribution and use in source and binary forms, with or without modification, are
    22                           ; permitted provided that the following conditions are met:
    23                           ; 
    24                           ;     1. Redistributions of source code must retain the above copyright notice, this lis
      +                          t of
    25                           ;        conditions and the following disclaimer.
    26                           ; 
    27                           ;     2. Redistributions in binary form must reproduce the above copyright notice, this 
      +                          list
    28                           ;        of conditions and the following disclaimer in the documentation and/or other
    29                           ;        materials provided with the distribution. Publication is not required when
    30                           ;        this file is used in an embedded application.
    31                           ; 
    32                           ;     3. Microchip's name may not be used to endorse or promote products derived from th
      +                          is
    33                           ;        software without specific prior written permission.
    34                           ; 
    35                           ; THIS SOFTWARE IS PROVIDED BY MICROCHIP "AS IS" AND ANY EXPRESS OR IMPLIED WARRANTIES,
    36                           ; INCLUDING, BUT NOT LIMITED TO, THE IMPLIED WARRANTIES OF MERCHANTABILITY AND FITNESS F
      +                          OR
    37                           ; PURPOSE ARE DISCLAIMED.  IN NO EVENT SHALL MICROCHIP BE LIABLE FOR ANY DIRECT, INDIREC
      +                          T,
    38                           ; INCIDENTAL, SPECIAL, EXEMPLARY, OR CONSEQUENTIAL DAMAGES (INCLUDING BUT NOT LIMITED TO
    39                           ; PROCUREMENT OF SUBSTITUTE GOODS OR SERVICES; LOSS OF USE, DATA OR PROFITS; OR BUSINESS
    40                           ; INTERRUPTION) HOWSOEVER CAUSED AND ON ANY THEORY OF LIABILITY, WHETHER IN CONTRACT, ST
      +                          RICT
    41                           ; LIABILITY, OR TORT (INCLUDING NEGLIGENCE OR OTHERWISE) ARISING IN ANY WAY OUT OF THE U
      +                          SE OF
    42                           ; THIS SOFTWARE, EVEN IF ADVISED OF THE POSSIBILITY OF SUCH DAMAGE.
    43                           ; 
    44                           ; 
    45                           ; Code-generator required, PIC18F4550 Definitions
    46                           ; 
    47                           ; SFR Addresses
    48   000000                     _PORTCbits	set	3970
    49   000000                     _TRISA	set	3986
    50   000000                     _TRISB	set	3987
    51   000000                     _ADCON1	set	4033
    52   000000                     _OSCCON	set	4051
    53   000000                     _RB0	set	31752
    54   000000                     _TRISD	set	3989
    55   000000                     _TRISC	set	3988
    56                           
    57                           ; #config settings
    58                           
    59                           	psect	cinit
    60   007FBA                     __pcinit:
    61                           	callstack 0
    62   007FBA                     start_initialization:
    63                           	callstack 0
    64   007FBA                     __initialization:
    65                           	callstack 0
    66   007FBA                     end_of_initialization:
    67                           	callstack 0
    68   007FBA                     __end_of__initialization:
    69                           	callstack 0
    70   007FBA  0100               	movlb	0
    71   007FBC  EFE0  F03F         	goto	_main	;jump to C main() function
    72                           
    73                           	psect	cstackCOMRAM
    74   000000                     __pcstackCOMRAM:
    75                           	callstack 0
    76   000000                     
    77                           ; 1 bytes @ 0x0
    78 ;;
    79 ;;Main: autosize = 0, tempsize = 0, incstack = 0, save=0
    80 ;;
    81 ;; *************** function _main *****************
    82 ;; Defined at:
    83 ;;		line 25 in file "main.c"
    84 ;; Parameters:    Size  Location     Type
    85 ;;		None
    86 ;; Auto vars:     Size  Location     Type
    87 ;;		None
    88 ;; Return value:  Size  Location     Type
    89 ;;                  1    wreg      void 
    90 ;; Registers used:
    91 ;;		wreg, status,2, cstack
    92 ;; Tracked objects:
    93 ;;		On entry : 0/0
    94 ;;		On exit  : 0/0
    95 ;;		Unchanged: 0/0
    96 ;; Data sizes:     COMRAM   BANK0   BANK1   BANK2   BANK3   BANK4   BANK5   BANK6   BANK7
    97 ;;      Params:         0       0       0       0       0       0       0       0       0
    98 ;;      Locals:         0       0       0       0       0       0       0       0       0
    99 ;;      Temps:          0       0       0       0       0       0       0       0       0
   100 ;;      Totals:         0       0       0       0       0       0       0       0       0
   101 ;;Total ram usage:        0 bytes
   102 ;; Hardware stack levels required when called: 1
   103 ;; This function calls:
   104 ;;		_Config_Reg
   105 ;;		_Leds_On
   106 ;; This function is called by:
   107 ;;		Startup code after reset
   108 ;; This function uses a non-reentrant model
   109 ;;
   110                           
   111                           	psect	text0
   112   007FC0                     __ptext0:
   113                           	callstack 0
   114   007FC0                     _main:
   115                           	callstack 30
   116   007FC0                     
   117                           ;main.c: 27:     Config_Reg();
   118   007FC0  ECE8  F03F         	call	_Config_Reg	;wreg free
   119   007FC4                     l722:
   120                           
   121                           ;main.c: 31:         Leds_On();
   122   007FC4  ECF4  F03F         	call	_Leds_On	;wreg free
   123   007FC8  EFE2  F03F         	goto	l722
   124   007FCC  EF00  F000         	goto	start
   125   007FD0                     __end_of_main:
   126                           	callstack 0
   127                           
   128 ;; *************** function _Leds_On *****************
   129 ;; Defined at:
   130 ;;		line 54 in file "main.c"
   131 ;; Parameters:    Size  Location     Type
   132 ;;		None
   133 ;; Auto vars:     Size  Location     Type
   134 ;;		None
   135 ;; Return value:  Size  Location     Type
   136 ;;                  1    wreg      void 
   137 ;; Registers used:
   138 ;;		None
   139 ;; Tracked objects:
   140 ;;		On entry : 0/0
   141 ;;		On exit  : 0/0
   142 ;;		Unchanged: 0/0
   143 ;; Data sizes:     COMRAM   BANK0   BANK1   BANK2   BANK3   BANK4   BANK5   BANK6   BANK7
   144 ;;      Params:         0       0       0       0       0       0       0       0       0
   145 ;;      Locals:         0       0       0       0       0       0       0       0       0
   146 ;;      Temps:          0       0       0       0       0       0       0       0       0
   147 ;;      Totals:         0       0       0       0       0       0       0       0       0
   148 ;;Total ram usage:        0 bytes
   149 ;; Hardware stack levels used: 1
   150 ;; This function calls:
   151 ;;		Nothing
   152 ;; This function is called by:
   153 ;;		_main
   154 ;; This function uses a non-reentrant model
   155 ;;
   156                           
   157                           	psect	text1
   158   007FE8                     __ptext1:
   159                           	callstack 0
   160   007FE8                     _Leds_On:
   161                           	callstack 30
   162   007FE8                     
   163                           ;main.c: 56:     if (PORTCbits.RC0) RB0 = 1;
   164   007FE8  A082               	btfss	130,0,c	;volatile
   165   007FEA  EFF9  F03F         	goto	u11
   166   007FEE  EFFB  F03F         	goto	u10
   167   007FF2                     u11:
   168   007FF2  EFFE  F03F         	goto	l34
   169   007FF6                     u10:
   170   007FF6  8081               	bsf	3969,0,c	;volatile
   171   007FF8  EFFF  F03F         	goto	l36
   172   007FFC                     l34:
   173   007FFC  9081               	bcf	3969,0,c	;volatile
   174   007FFE                     l36:
   175   007FFE  0012               	return		;funcret
   176   008000                     __end_of_Leds_On:
   177                           	callstack 0
   178                           
   179 ;; *************** function _Config_Reg *****************
   180 ;; Defined at:
   181 ;;		line 38 in file "main.c"
   182 ;; Parameters:    Size  Location     Type
   183 ;;		None
   184 ;; Auto vars:     Size  Location     Type
   185 ;;		None
   186 ;; Return value:  Size  Location     Type
   187 ;;                  1    wreg      void 
   188 ;; Registers used:
   189 ;;		wreg, status,2
   190 ;; Tracked objects:
   191 ;;		On entry : 0/0
   192 ;;		On exit  : 0/0
   193 ;;		Unchanged: 0/0
   194 ;; Data sizes:     COMRAM   BANK0   BANK1   BANK2   BANK3   BANK4   BANK5   BANK6   BANK7
   195 ;;      Params:         0       0       0       0       0       0       0       0       0
   196 ;;      Locals:         0       0       0       0       0       0       0       0       0
   197 ;;      Temps:          0       0       0       0       0       0       0       0       0
   198 ;;      Totals:         0       0       0       0       0       0       0       0       0
   199 ;;Total ram usage:        0 bytes
   200 ;; Hardware stack levels used: 1
   201 ;; This function calls:
   202 ;;		Nothing
   203 ;; This function is called by:
   204 ;;		_main
   205 ;; This function uses a non-reentrant model
   206 ;;
   207                           
   208                           	psect	text2
   209   007FD0                     __ptext2:
   210                           	callstack 0
   211   007FD0                     _Config_Reg:
   212                           	callstack 30
   213   007FD0                     
   214                           ;main.c: 40:     OSCCON = 0x72;
   215   007FD0  0E72               	movlw	114
   216   007FD2  6ED3               	movwf	211,c	;volatile
   217                           
   218                           ;main.c: 41:     ADCON1 = 0x0F;
   219   007FD4  0E0F               	movlw	15
   220   007FD6  6EC1               	movwf	193,c	;volatile
   221                           
   222                           ;main.c: 44:     TRISB = 0x00;
   223   007FD8  0E00               	movlw	0
   224   007FDA  6E93               	movwf	147,c	;volatile
   225                           
   226                           ;main.c: 45:     TRISA = 0x00;
   227   007FDC  0E00               	movlw	0
   228   007FDE  6E92               	movwf	146,c	;volatile
   229   007FE0                     
   230                           ;main.c: 47:     TRISC = 0xFF;
   231   007FE0  6894               	setf	148,c	;volatile
   232                           
   233                           ;main.c: 48:     TRISD = 0x07;
   234   007FE2  0E07               	movlw	7
   235   007FE4  6E95               	movwf	149,c	;volatile
   236   007FE6  0012               	return		;funcret
   237   007FE8                     __end_of_Config_Reg:
   238                           	callstack 0
   239   000000                     
   240                           	psect	rparam
   241   000000                     
   242                           	psect	config
   243                           
   244                           ;Config register CONFIG1L @ 0x300000
   245                           ;	PLL Prescaler Selection bits
   246                           ;	PLLDIV = 1, No prescale (4 MHz oscillator input drives PLL directly)
   247                           ;	System Clock Postscaler Selection bits
   248                           ;	CPUDIV = OSC1_PLL2, [Primary Oscillator Src: /1][96 MHz PLL Src: /2]
   249                           ;	USB Clock Selection bit (used in Full-Speed USB mode only; UCFG:FSEN = 1)
   250                           ;	USBDIV = 1, USB clock source comes directly from the primary oscillator block with no 
      +                          postscale
   251   300000                     	org	3145728
   252   300000  00                 	db	0
   253                           
   254                           ;Config register CONFIG1H @ 0x300001
   255                           ;	Oscillator Selection bits
   256                           ;	FOSC = INTOSC_HS, Internal oscillator, HS oscillator used by USB (INTHS)
   257                           ;	Fail-Safe Clock Monitor Enable bit
   258                           ;	FCMEN = OFF, Fail-Safe Clock Monitor disabled
   259                           ;	Internal/External Oscillator Switchover bit
   260                           ;	IESO = OFF, Oscillator Switchover mode disabled
   261   300001                     	org	3145729
   262   300001  0B                 	db	11
   263                           
   264                           ;Config register CONFIG2L @ 0x300002
   265                           ;	Power-up Timer Enable bit
   266                           ;	PWRT = OFF, PWRT disabled
   267                           ;	Brown-out Reset Enable bits
   268                           ;	BOR = OFF, Brown-out Reset disabled in hardware and software
   269                           ;	Brown-out Reset Voltage bits
   270                           ;	BORV = 3, Minimum setting 2.05V
   271                           ;	USB Voltage Regulator Enable bit
   272                           ;	VREGEN = OFF, USB voltage regulator disabled
   273   300002                     	org	3145730
   274   300002  19                 	db	25
   275                           
   276                           ;Config register CONFIG2H @ 0x300003
   277                           ;	Watchdog Timer Enable bit
   278                           ;	WDT = OFF, WDT disabled (control is placed on the SWDTEN bit)
   279                           ;	Watchdog Timer Postscale Select bits
   280                           ;	WDTPS = 32768, 1:32768
   281   300003                     	org	3145731
   282   300003  1E                 	db	30
   283                           
   284                           ; Padding undefined space
   285   300004                     	org	3145732
   286   300004  FF                 	db	255
   287                           
   288                           ;Config register CONFIG3H @ 0x300005
   289                           ;	CCP2 MUX bit
   290                           ;	CCP2MX = ON, CCP2 input/output is multiplexed with RC1
   291                           ;	PORTB A/D Enable bit
   292                           ;	PBADEN = ON, PORTB<4:0> pins are configured as analog input channels on Reset
   293                           ;	Low-Power Timer 1 Oscillator Enable bit
   294                           ;	LPT1OSC = OFF, Timer1 configured for higher power operation
   295                           ;	MCLR Pin Enable bit
   296                           ;	MCLRE = ON, MCLR pin enabled; RE3 input pin disabled
   297   300005                     	org	3145733
   298   300005  83                 	db	131
   299                           
   300                           ;Config register CONFIG4L @ 0x300006
   301                           ;	Stack Full/Underflow Reset Enable bit
   302                           ;	STVREN = ON, Stack full/underflow will cause Reset
   303                           ;	Single-Supply ICSP Enable bit
   304                           ;	LVP = OFF, Single-Supply ICSP disabled
   305                           ;	Dedicated In-Circuit Debug/Programming Port (ICPORT) Enable bit
   306                           ;	ICPRT = OFF, ICPORT disabled
   307                           ;	Extended Instruction Set Enable bit
   308                           ;	XINST = OFF, Instruction set extension and Indexed Addressing mode disabled (Legacy mo
      +                          de)
   309                           ;	Background Debugger Enable bit
   310                           ;	DEBUG = 0x1, unprogrammed default
   311   300006                     	org	3145734
   312   300006  81                 	db	129
   313                           
   314                           ; Padding undefined space
   315   300007                     	org	3145735
   316   300007  FF                 	db	255
   317                           
   318                           ;Config register CONFIG5L @ 0x300008
   319                           ;	Code Protection bit
   320                           ;	CP0 = OFF, Block 0 (000800-001FFFh) is not code-protected
   321                           ;	Code Protection bit
   322                           ;	CP1 = OFF, Block 1 (002000-003FFFh) is not code-protected
   323                           ;	Code Protection bit
   324                           ;	CP2 = OFF, Block 2 (004000-005FFFh) is not code-protected
   325                           ;	Code Protection bit
   326                           ;	CP3 = OFF, Block 3 (006000-007FFFh) is not code-protected
   327   300008                     	org	3145736
   328   300008  0F                 	db	15
   329                           
   330                           ;Config register CONFIG5H @ 0x300009
   331                           ;	Boot Block Code Protection bit
   332                           ;	CPB = OFF, Boot block (000000-0007FFh) is not code-protected
   333                           ;	Data EEPROM Code Protection bit
   334                           ;	CPD = OFF, Data EEPROM is not code-protected
   335   300009                     	org	3145737
   336   300009  C0                 	db	192
   337                           
   338                           ;Config register CONFIG6L @ 0x30000A
   339                           ;	Write Protection bit
   340                           ;	WRT0 = OFF, Block 0 (000800-001FFFh) is not write-protected
   341                           ;	Write Protection bit
   342                           ;	WRT1 = OFF, Block 1 (002000-003FFFh) is not write-protected
   343                           ;	Write Protection bit
   344                           ;	WRT2 = OFF, Block 2 (004000-005FFFh) is not write-protected
   345                           ;	Write Protection bit
   346                           ;	WRT3 = OFF, Block 3 (006000-007FFFh) is not write-protected
   347   30000A                     	org	3145738
   348   30000A  0F                 	db	15
   349                           
   350                           ;Config register CONFIG6H @ 0x30000B
   351                           ;	Configuration Register Write Protection bit
   352                           ;	WRTC = OFF, Configuration registers (300000-3000FFh) are not write-protected
   353                           ;	Boot Block Write Protection bit
   354                           ;	WRTB = OFF, Boot block (000000-0007FFh) is not write-protected
   355                           ;	Data EEPROM Write Protection bit
   356                           ;	WRTD = OFF, Data EEPROM is not write-protected
   357   30000B                     	org	3145739
   358   30000B  E0                 	db	224
   359                           
   360                           ;Config register CONFIG7L @ 0x30000C
   361                           ;	Table Read Protection bit
   362                           ;	EBTR0 = OFF, Block 0 (000800-001FFFh) is not protected from table reads executed in ot
      +                          her blocks
   363                           ;	Table Read Protection bit
   364                           ;	EBTR1 = OFF, Block 1 (002000-003FFFh) is not protected from table reads executed in ot
      +                          her blocks
   365                           ;	Table Read Protection bit
   366                           ;	EBTR2 = OFF, Block 2 (004000-005FFFh) is not protected from table reads executed in ot
      +                          her blocks
   367                           ;	Table Read Protection bit
   368                           ;	EBTR3 = OFF, Block 3 (006000-007FFFh) is not protected from table reads executed in ot
      +                          her blocks
   369   30000C                     	org	3145740
   370   30000C  0F                 	db	15
   371                           
   372                           ;Config register CONFIG7H @ 0x30000D
   373                           ;	Boot Block Table Read Protection bit
   374                           ;	EBTRB = OFF, Boot block (000000-0007FFh) is not protected from table reads executed in
      +                           other blocks
   375   30000D                     	org	3145741
   376   30000D  40                 	db	64
   377                           tosu	equ	0xFFF
   378                           tosh	equ	0xFFE
   379                           tosl	equ	0xFFD
   380                           stkptr	equ	0xFFC
   381                           pclatu	equ	0xFFB
   382                           pclath	equ	0xFFA
   383                           pcl	equ	0xFF9
   384                           tblptru	equ	0xFF8
   385                           tblptrh	equ	0xFF7
   386                           tblptrl	equ	0xFF6
   387                           tablat	equ	0xFF5
   388                           prodh	equ	0xFF4
   389                           prodl	equ	0xFF3
   390                           indf0	equ	0xFEF
   391                           postinc0	equ	0xFEE
   392                           postdec0	equ	0xFED
   393                           preinc0	equ	0xFEC
   394                           plusw0	equ	0xFEB
   395                           fsr0h	equ	0xFEA
   396                           fsr0l	equ	0xFE9
   397                           wreg	equ	0xFE8
   398                           indf1	equ	0xFE7
   399                           postinc1	equ	0xFE6
   400                           postdec1	equ	0xFE5
   401                           preinc1	equ	0xFE4
   402                           plusw1	equ	0xFE3
   403                           fsr1h	equ	0xFE2
   404                           fsr1l	equ	0xFE1
   405                           bsr	equ	0xFE0
   406                           indf2	equ	0xFDF
   407                           postinc2	equ	0xFDE
   408                           postdec2	equ	0xFDD
   409                           preinc2	equ	0xFDC
   410                           plusw2	equ	0xFDB
   411                           fsr2h	equ	0xFDA
   412                           fsr2l	equ	0xFD9
   413                           status	equ	0xFD8

Data Sizes:
    Strings     0
    Constant    0
    Data        0
    BSS         0
    Persistent  0
    Stack       0

Auto Spaces:
    Space          Size  Autos    Used
    COMRAM           95      0       0
    BANK0           160      0       0
    BANK1           256      0       0
    BANK2           256      0       0
    BANK3           256      0       0
    BANK4           256      0       0
    BANK5           256      0       0
    BANK6           256      0       0
    BANK7           256      0       0

Pointer List with Targets:

    None.

Critical Paths under _main in COMRAM

    None.

Critical Paths under _main in BANK0

    None.

Critical Paths under _main in BANK1

    None.

Critical Paths under _main in BANK2

    None.

Critical Paths under _main in BANK3

    None.

Critical Paths under _main in BANK4

    None.

Critical Paths under _main in BANK5

    None.

Critical Paths under _main in BANK6

    None.

Critical Paths under _main in BANK7

    None.

Call Graph Tables:

 ---------------------------------------------------------------------------------
 (Depth) Function   	        Calls       Base Space   Used Autos Params    Refs
 ---------------------------------------------------------------------------------
 (0) _main                                                 0     0      0       0
                         _Config_Reg
                            _Leds_On
 ---------------------------------------------------------------------------------
 (1) _Leds_On                                              0     0      0       0
 ---------------------------------------------------------------------------------
 (1) _Config_Reg                                           0     0      0       0
 ---------------------------------------------------------------------------------
 Estimated maximum stack depth 1
 ---------------------------------------------------------------------------------

 Call Graph Graphs:

 _main (ROOT)
   _Config_Reg
   _Leds_On

 Address spaces:
Name               Size   Autos  Total    Cost      Usage
BITCOMRAM           5F      0       0       0        0.0%
EEDATA             100      0       0       0        0.0%
NULL                 0      0       0       0        0.0%
CODE                 0      0       0       0        0.0%
COMRAM              5F      0       0       1        0.0%
STACK                0      0       0       2        0.0%
ABS                  0      0       0       3        0.0%
DATA                 0      0       0       4        0.0%
BITBANK0            A0      0       0       5        0.0%
BANK0               A0      0       0       6        0.0%
BITBANK1           100      0       0       7        0.0%
BANK1              100      0       0       8        0.0%
BITBANK2           100      0       0       9        0.0%
BANK2              100      0       0      10        0.0%
BITBANK3           100      0       0      11        0.0%
BANK3              100      0       0      12        0.0%
BITBANK4           100      0       0      13        0.0%
BANK4              100      0       0      14        0.0%
BITBANK5           100      0       0      15        0.0%
BANK5              100      0       0      16        0.0%
BITBANK6           100      0       0      17        0.0%
BANK6              100      0       0      18        0.0%
BITBANK7           100      0       0      19        0.0%
BANK7              100      0       0      20        0.0%
BITBIGSFRh          2C      0       0      21        0.0%
BITBIGSFRlh         11      0       0      22        0.0%
BITBIGSFRllh        2B      0       0      23        0.0%
BITBIGSFRlllh        F      0       0      24        0.0%
BITBIGSFRllll       21      0       0      25        0.0%
BIGRAM             7FF      0       0      26        0.0%
BIGSFR               0      0       0     200        0.0%
BITSFR               0      0       0     200        0.0%
SFR                  0      0       0     200        0.0%


Microchip Technology PIC18 Macro Assembler V2.41 build 20230208172133 
Symbol Table                                                                                   Sun Sep 10 15:45:53 2023

                     l31 7FE6                       l34 7FFC                       l36 7FFE  
                     u10 7FF6                       u11 7FF2                      l712 7FD0  
                    l720 7FC0                      l714 7FE0                      l722 7FC4  
                    l716 7FE8                      l718 7FF6                      _RB0 7C08  
                   _main 7FC0                     start 0000             ___param_bank 0000  
        __end_of_Leds_On 8000                    ?_main 0000               _Config_Reg 7FD0  
                  _TRISA 0F92                    _TRISB 0F93                    _TRISC 0F94  
                  _TRISD 0F95          __initialization 7FBA             __end_of_main 7FD0  
                 ??_main 0000            __activetblptr 0000                   _ADCON1 0FC1  
                 _OSCCON 0FD3                ??_Leds_On 0000                   isa$std 0001  
            ?_Config_Reg 0000               __accesstop 0060  __end_of__initialization 7FBA  
          ___rparam_used 0001           __pcstackCOMRAM 0000                  _Leds_On 7FE8  
                __Hparam 0000                  __Lparam 0000                  __pcinit 7FBA  
                __ramtop 0800                  __ptext0 7FC0                  __ptext1 7FE8  
                __ptext2 7FD0     end_of_initialization 7FBA                _PORTCbits 0F82  
           ??_Config_Reg 0000       __end_of_Config_Reg 7FE8      start_initialization 7FBA  
               ?_Leds_On 0000                 __Hrparam 0000                 __Lrparam 0000  
               isa$xinst 0000  
