

Microchip MPLAB XC8 Assembler V2.41 build 20230208172133 
                                                                                               Thu Jan 11 21:39:38 2024

Microchip MPLAB XC8 C Compiler v2.41 (Free license) build 20230208172133 Og1 
     1                           	processor	18F4550
     2                           	fnconf	rparam,??,?,0
     3                           	pagewidth 120
     4                           	opt	flic
     5                           	psect	cinit,global,reloc=2,class=CODE,delta=1
     6                           	psect	bssCOMRAM,global,class=COMRAM,space=1,delta=1,lowdata,noexec
     7                           	psect	cstackCOMRAM,global,class=COMRAM,space=1,delta=1,lowdata,noexec
     8                           	psect	text0,global,reloc=2,class=CODE,delta=1
     9                           	psect	text1,global,reloc=2,class=CODE,delta=1
    10                           	psect	intcode,global,reloc=2,class=CODE,delta=1
    11                           	psect	intcode_body,global,reloc=2,class=CODE,delta=1
    12                           	psect	intsave_regs,global,class=BIGRAM,space=1,delta=1,noexec
    13                           	psect	rparam,global,class=COMRAM,space=1,delta=1,noexec
    14                           	psect	temp,global,ovrld,common,class=COMRAM,space=1,delta=1
    15                           	psect	config,global,abs,ovrld,class=CONFIG,space=4,delta=1,noexec
    16   000000                     
    17                           ; Generated 23/03/2023 GMT
    18                           ; 
    19                           ; Copyright © 2023, Microchip Technology Inc. and its subsidiaries ("Microchip")
    20                           ; All rights reserved.
    21                           ; 
    22                           ; This software is developed by Microchip Technology Inc. and its subsidiaries ("Microch
      +                          ip").
    23                           ; 
    24                           ; Redistribution and use in source and binary forms, with or without modification, are
    25                           ; permitted provided that the following conditions are met:
    26                           ; 
    27                           ;     1. Redistributions of source code must retain the above copyright notice, this lis
      +                          t of
    28                           ;        conditions and the following disclaimer.
    29                           ; 
    30                           ;     2. Redistributions in binary form must reproduce the above copyright notice, this 
      +                          list
    31                           ;        of conditions and the following disclaimer in the documentation and/or other
    32                           ;        materials provided with the distribution. Publication is not required when
    33                           ;        this file is used in an embedded application.
    34                           ; 
    35                           ;     3. Microchip's name may not be used to endorse or promote products derived from th
      +                          is
    36                           ;        software without specific prior written permission.
    37                           ; 
    38                           ; THIS SOFTWARE IS PROVIDED BY MICROCHIP "AS IS" AND ANY EXPRESS OR IMPLIED WARRANTIES,
    39                           ; INCLUDING, BUT NOT LIMITED TO, THE IMPLIED WARRANTIES OF MERCHANTABILITY AND FITNESS F
      +                          OR
    40                           ; PURPOSE ARE DISCLAIMED.  IN NO EVENT SHALL MICROCHIP BE LIABLE FOR ANY DIRECT, INDIREC
      +                          T,
    41                           ; INCIDENTAL, SPECIAL, EXEMPLARY, OR CONSEQUENTIAL DAMAGES (INCLUDING BUT NOT LIMITED TO
    42                           ; PROCUREMENT OF SUBSTITUTE GOODS OR SERVICES; LOSS OF USE, DATA OR PROFITS; OR BUSINESS
    43                           ; INTERRUPTION) HOWSOEVER CAUSED AND ON ANY THEORY OF LIABILITY, WHETHER IN CONTRACT, ST
      +                          RICT
    44                           ; LIABILITY, OR TORT (INCLUDING NEGLIGENCE OR OTHERWISE) ARISING IN ANY WAY OUT OF THE U
      +                          SE OF
    45                           ; THIS SOFTWARE, EVEN IF ADVISED OF THE POSSIBILITY OF SUCH DAMAGE.
    46                           ; 
    47                           ; 
    48                           ; Code-generator required, PIC18F4550 Definitions
    49                           ; 
    50                           ; SFR Addresses
    51   000000                     _TRISCbits	set	3988
    52   000000                     _ADCON1	set	4033
    53   000000                     _OSCCON	set	4051
    54   000000                     _INTCON3bits	set	4080
    55   000000                     _INTCON2bits	set	4081
    56   000000                     _INTCONbits	set	4082
    57   000000                     _RCONbits	set	4048
    58   000000                     _RCSTA	set	4011
    59   000000                     _SPBRG	set	4015
    60   000000                     _TXSTA	set	4012
    61                           
    62                           ; #config settings
    63                           
    64                           	psect	cinit
    65   00007C                     __pcinit:
    66                           	callstack 0
    67   00007C                     start_initialization:
    68                           	callstack 0
    69   00007C                     __initialization:
    70                           	callstack 0
    71                           
    72                           ; Clear objects allocated to COMRAM (2 bytes)
    73   00007C  6A02               	clrf	(__pbssCOMRAM+1)& (0+255),c
    74   00007E  6A01               	clrf	__pbssCOMRAM& (0+255),c
    75   000080                     end_of_initialization:
    76                           	callstack 0
    77   000080                     __end_of__initialization:
    78                           	callstack 0
    79   000080  9005               	bcf	int$flags,0,c	;clear compiler interrupt flag (level 1)
    80   000082  9205               	bcf	int$flags,1,c	;clear compiler interrupt flag (level 2)
    81   000084  0100               	movlb	0
    82   000086  EF45  F000         	goto	_main	;jump to C main() function
    83                           
    84                           	psect	bssCOMRAM
    85   000001                     __pbssCOMRAM:
    86                           	callstack 0
    87   000001                     _value:
    88                           	callstack 0
    89   000001                     	ds	1
    90   000002                     _Counter_Button1:
    91                           	callstack 0
    92   000002                     	ds	1
    93                           
    94                           	psect	cstackCOMRAM
    95   000003                     __pcstackCOMRAM:
    96                           	callstack 0
    97   000003                     ??_INT_UART_TX:
    98                           
    99                           ; 1 bytes @ 0x0
   100   000003                     	ds	2
   101   000005                     
   102                           ; 1 bytes @ 0x2
   103 ;;
   104 ;;Main: autosize = 0, tempsize = 0, incstack = 0, save=0
   105 ;;
   106 ;; *************** function _main *****************
   107 ;; Defined at:
   108 ;;		line 28 in file "main.c"
   109 ;; Parameters:    Size  Location     Type
   110 ;;		None
   111 ;; Auto vars:     Size  Location     Type
   112 ;;		None
   113 ;; Return value:  Size  Location     Type
   114 ;;                  1    wreg      void 
   115 ;; Registers used:
   116 ;;		wreg, status,2, cstack
   117 ;; Tracked objects:
   118 ;;		On entry : 0/0
   119 ;;		On exit  : 0/0
   120 ;;		Unchanged: 0/0
   121 ;; Data sizes:     COMRAM   BANK0   BANK1   BANK2   BANK3   BANK4   BANK5   BANK6   BANK7
   122 ;;      Params:         0       0       0       0       0       0       0       0       0
   123 ;;      Locals:         0       0       0       0       0       0       0       0       0
   124 ;;      Temps:          0       0       0       0       0       0       0       0       0
   125 ;;      Totals:         0       0       0       0       0       0       0       0       0
   126 ;;Total ram usage:        0 bytes
   127 ;; Hardware stack levels required when called: 2
   128 ;; This function calls:
   129 ;;		_Configurations
   130 ;; This function is called by:
   131 ;;		Startup code after reset
   132 ;; This function uses a non-reentrant model
   133 ;;
   134                           
   135                           	psect	text0
   136   00008A                     __ptext0:
   137                           	callstack 0
   138   00008A                     _main:
   139                           	callstack 29
   140   00008A                     
   141                           ;main.c: 31: Configurations();
   142   00008A  EC29  F000         	call	_Configurations	;wreg free
   143   00008E                     l31:
   144   00008E  EF47  F000         	goto	l31
   145   000092  EF07  F000         	goto	start
   146   000096                     __end_of_main:
   147                           	callstack 0
   148                           
   149 ;; *************** function _Configurations *****************
   150 ;; Defined at:
   151 ;;		line 42 in file "main.c"
   152 ;; Parameters:    Size  Location     Type
   153 ;;		None
   154 ;; Auto vars:     Size  Location     Type
   155 ;;		None
   156 ;; Return value:  Size  Location     Type
   157 ;;                  1    wreg      void 
   158 ;; Registers used:
   159 ;;		wreg, status,2
   160 ;; Tracked objects:
   161 ;;		On entry : 0/0
   162 ;;		On exit  : 0/0
   163 ;;		Unchanged: 0/0
   164 ;; Data sizes:     COMRAM   BANK0   BANK1   BANK2   BANK3   BANK4   BANK5   BANK6   BANK7
   165 ;;      Params:         0       0       0       0       0       0       0       0       0
   166 ;;      Locals:         0       0       0       0       0       0       0       0       0
   167 ;;      Temps:          0       0       0       0       0       0       0       0       0
   168 ;;      Totals:         0       0       0       0       0       0       0       0       0
   169 ;;Total ram usage:        0 bytes
   170 ;; Hardware stack levels used: 1
   171 ;; Hardware stack levels required when called: 1
   172 ;; This function calls:
   173 ;;		Nothing
   174 ;; This function is called by:
   175 ;;		_main
   176 ;; This function uses a non-reentrant model
   177 ;;
   178                           
   179                           	psect	text1
   180   000052                     __ptext1:
   181                           	callstack 0
   182   000052                     _Configurations:
   183                           	callstack 29
   184   000052                     
   185                           ;main.c: 44: OSCCON = 0x72;
   186   000052  0E72               	movlw	114
   187   000054  6ED3               	movwf	211,c	;volatile
   188                           
   189                           ;main.c: 45: ADCON1 = 0x0F;
   190   000056  0E0F               	movlw	15
   191   000058  6EC1               	movwf	193,c	;volatile
   192   00005A                     
   193                           ;main.c: 47: TRISCbits.RC6 = 0;
   194   00005A  9C94               	bcf	148,6,c	;volatile
   195   00005C                     
   196                           ;main.c: 48: TRISCbits.RC7 = 1;
   197   00005C  8E94               	bsf	148,7,c	;volatile
   198                           
   199                           ;main.c: 51: SPBRG = 0X0C;
   200   00005E  0E0C               	movlw	12
   201   000060  6EAF               	movwf	175,c	;volatile
   202                           
   203                           ;main.c: 52: RCSTA = 0x90;
   204   000062  0E90               	movlw	144
   205   000064  6EAB               	movwf	171,c	;volatile
   206                           
   207                           ;main.c: 53: TXSTA = 0x20;
   208   000066  0E20               	movlw	32
   209   000068  6EAC               	movwf	172,c	;volatile
   210   00006A                     
   211                           ;main.c: 56: INTCONbits.GIE = 1;
   212   00006A  8EF2               	bsf	242,7,c	;volatile
   213   00006C                     
   214                           ;main.c: 57: RCONbits.IPEN = 0;
   215   00006C  9ED0               	bcf	208,7,c	;volatile
   216   00006E                     
   217                           ;main.c: 59: INTCONbits.INT0E = 1;
   218   00006E  88F2               	bsf	242,4,c	;volatile
   219   000070                     
   220                           ;main.c: 60: INTCONbits.INT0F = 0;
   221   000070  92F2               	bcf	242,1,c	;volatile
   222   000072                     
   223                           ;main.c: 61: INTCON2bits.INTEDG0 = 0;
   224   000072  9CF1               	bcf	241,6,c	;volatile
   225   000074                     
   226                           ;main.c: 63: INTCON3bits.INT2E = 1;
   227   000074  88F0               	bsf	240,4,c	;volatile
   228   000076                     
   229                           ;main.c: 64: INTCON3bits.INT2F = 0;
   230   000076  92F0               	bcf	240,1,c	;volatile
   231   000078                     
   232                           ;main.c: 65: INTCON2bits.INTEDG2 = 1;
   233   000078  88F1               	bsf	241,4,c	;volatile
   234   00007A  0012               	return		;funcret
   235   00007C                     __end_of_Configurations:
   236                           	callstack 0
   237                           
   238 ;; *************** function _INT_UART_TX *****************
   239 ;; Defined at:
   240 ;;		line 69 in file "main.c"
   241 ;; Parameters:    Size  Location     Type
   242 ;;		None
   243 ;; Auto vars:     Size  Location     Type
   244 ;;		None
   245 ;; Return value:  Size  Location     Type
   246 ;;                  1    wreg      void 
   247 ;; Registers used:
   248 ;;		wreg, status,2, status,0
   249 ;; Tracked objects:
   250 ;;		On entry : 0/0
   251 ;;		On exit  : 0/0
   252 ;;		Unchanged: 0/0
   253 ;; Data sizes:     COMRAM   BANK0   BANK1   BANK2   BANK3   BANK4   BANK5   BANK6   BANK7
   254 ;;      Params:         0       0       0       0       0       0       0       0       0
   255 ;;      Locals:         0       0       0       0       0       0       0       0       0
   256 ;;      Temps:          2       0       0       0       0       0       0       0       0
   257 ;;      Totals:         2       0       0       0       0       0       0       0       0
   258 ;;Total ram usage:        2 bytes
   259 ;; Hardware stack levels used: 1
   260 ;; This function calls:
   261 ;;		Nothing
   262 ;; This function is called by:
   263 ;;		Interrupt level 2
   264 ;; This function uses a non-reentrant model
   265 ;;
   266                           
   267                           	psect	intcode
   268   000008                     __pintcode:
   269                           	callstack 0
   270   000008                     _INT_UART_TX:
   271                           	callstack 29
   272                           
   273                           ;incstack = 0
   274   000008  8205               	bsf	int$flags,1,c	;set compiler interrupt flag (level 2)
   275   00000A  ED09  F000         	call	int_func,f	;refresh shadow registers
   276                           
   277                           	psect	intcode_body
   278   000012                     __pintcode_body:
   279                           	callstack 29
   280   000012                     int_func:
   281                           	callstack 29
   282   000012  0006               	pop		; remove dummy address from shadow register refresh
   283   000014                     
   284                           ;main.c: 71: if (INTCONbits.INT0IF) {
   285   000014  A2F2               	btfss	242,1,c	;volatile
   286   000016  EF0F  F000         	goto	i2u1_41
   287   00001A  EF11  F000         	goto	i2u1_40
   288   00001E                     i2u1_41:
   289   00001E  EF1E  F000         	goto	i2l822
   290   000022                     i2u1_40:
   291   000022                     
   292                           ;main.c: 73: INTCONbits.INT0IF = 0;
   293   000022  92F2               	bcf	242,1,c	;volatile
   294   000024                     
   295                           ;main.c: 74: value.Var++;
   296   000024  0E01               	movlw	1
   297   000026  6E03               	movwf	??_INT_UART_TX^0,c
   298   000028  5001               	movf	_value^0,w,c
   299   00002A  0B0F               	andlw	15
   300   00002C  6E04               	movwf	(??_INT_UART_TX+1)^0,c
   301   00002E  5003               	movf	??_INT_UART_TX^0,w,c
   302   000030  2604               	addwf	(??_INT_UART_TX+1)^0,f,c
   303   000032  5001               	movf	_value^0,w,c
   304   000034  1804               	xorwf	(??_INT_UART_TX+1)^0,w,c
   305   000036  0BF0               	andlw	-16
   306   000038  1804               	xorwf	(??_INT_UART_TX+1)^0,w,c
   307   00003A  6E01               	movwf	_value^0,c
   308   00003C                     i2l822:
   309                           
   310                           ;main.c: 77: };main.c: 78: if (INTCON3bits.INT2F) {
   311   00003C  A2F0               	btfss	240,1,c	;volatile
   312   00003E  EF23  F000         	goto	i2u2_41
   313   000042  EF25  F000         	goto	i2u2_40
   314   000046                     i2u2_41:
   315   000046  EF27  F000         	goto	i2l44
   316   00004A                     i2u2_40:
   317   00004A                     
   318                           ;main.c: 80: INTCON3bits.INT2F = 0;
   319   00004A  92F0               	bcf	240,1,c	;volatile
   320   00004C                     
   321                           ;main.c: 81: Counter_Button1++;
   322   00004C  2A02               	incf	_Counter_Button1^0,f,c
   323   00004E                     i2l44:
   324   00004E  9205               	bcf	int$flags,1,c	;clear compiler interrupt flag (level 2)
   325   000050  0011               	retfie		f
   326   000052                     __end_of_INT_UART_TX:
   327                           	callstack 0
   328   000000                     
   329                           	psect	rparam
   330   000000                     
   331                           	psect	temp
   332   000005                     btemp:
   333                           	callstack 0
   334   000005                     	ds	1
   335   000000                     int$flags	set	btemp
   336   000000                     wtemp8	set	btemp+1
   337   000000                     ttemp5	set	btemp+1
   338   000000                     ttemp6	set	btemp+4
   339   000000                     ttemp7	set	btemp+8
   340                           
   341                           	psect	config
   342                           
   343                           ;Config register CONFIG1L @ 0x300000
   344                           ;	PLL Prescaler Selection bits
   345                           ;	PLLDIV = 1, No prescale (4 MHz oscillator input drives PLL directly)
   346                           ;	System Clock Postscaler Selection bits
   347                           ;	CPUDIV = OSC1_PLL2, [Primary Oscillator Src: /1][96 MHz PLL Src: /2]
   348                           ;	USB Clock Selection bit (used in Full-Speed USB mode only; UCFG:FSEN = 1)
   349                           ;	USBDIV = 1, USB clock source comes directly from the primary oscillator block with no 
      +                          postscale
   350   300000                     	org	3145728
   351   300000  00                 	db	0
   352                           
   353                           ;Config register CONFIG1H @ 0x300001
   354                           ;	Oscillator Selection bits
   355                           ;	FOSC = INTOSC_HS, Internal oscillator, HS oscillator used by USB (INTHS)
   356                           ;	Fail-Safe Clock Monitor Enable bit
   357                           ;	FCMEN = OFF, Fail-Safe Clock Monitor disabled
   358                           ;	Internal/External Oscillator Switchover bit
   359                           ;	IESO = OFF, Oscillator Switchover mode disabled
   360   300001                     	org	3145729
   361   300001  0B                 	db	11
   362                           
   363                           ;Config register CONFIG2L @ 0x300002
   364                           ;	Power-up Timer Enable bit
   365                           ;	PWRT = OFF, PWRT disabled
   366                           ;	Brown-out Reset Enable bits
   367                           ;	BOR = OFF, Brown-out Reset disabled in hardware and software
   368                           ;	Brown-out Reset Voltage bits
   369                           ;	BORV = 3, Minimum setting 2.05V
   370                           ;	USB Voltage Regulator Enable bit
   371                           ;	VREGEN = OFF, USB voltage regulator disabled
   372   300002                     	org	3145730
   373   300002  19                 	db	25
   374                           
   375                           ;Config register CONFIG2H @ 0x300003
   376                           ;	Watchdog Timer Enable bit
   377                           ;	WDT = OFF, WDT disabled (control is placed on the SWDTEN bit)
   378                           ;	Watchdog Timer Postscale Select bits
   379                           ;	WDTPS = 32768, 1:32768
   380   300003                     	org	3145731
   381   300003  1E                 	db	30
   382                           
   383                           ; Padding undefined space
   384   300004                     	org	3145732
   385   300004  FF                 	db	255
   386                           
   387                           ;Config register CONFIG3H @ 0x300005
   388                           ;	CCP2 MUX bit
   389                           ;	CCP2MX = ON, CCP2 input/output is multiplexed with RC1
   390                           ;	PORTB A/D Enable bit
   391                           ;	PBADEN = ON, PORTB<4:0> pins are configured as analog input channels on Reset
   392                           ;	Low-Power Timer 1 Oscillator Enable bit
   393                           ;	LPT1OSC = OFF, Timer1 configured for higher power operation
   394                           ;	MCLR Pin Enable bit
   395                           ;	MCLRE = ON, MCLR pin enabled; RE3 input pin disabled
   396   300005                     	org	3145733
   397   300005  83                 	db	131
   398                           
   399                           ;Config register CONFIG4L @ 0x300006
   400                           ;	Stack Full/Underflow Reset Enable bit
   401                           ;	STVREN = ON, Stack full/underflow will cause Reset
   402                           ;	Single-Supply ICSP Enable bit
   403                           ;	LVP = OFF, Single-Supply ICSP disabled
   404                           ;	Dedicated In-Circuit Debug/Programming Port (ICPORT) Enable bit
   405                           ;	ICPRT = OFF, ICPORT disabled
   406                           ;	Extended Instruction Set Enable bit
   407                           ;	XINST = OFF, Instruction set extension and Indexed Addressing mode disabled (Legacy mo
      +                          de)
   408                           ;	Background Debugger Enable bit
   409                           ;	DEBUG = 0x1, unprogrammed default
   410   300006                     	org	3145734
   411   300006  81                 	db	129
   412                           
   413                           ; Padding undefined space
   414   300007                     	org	3145735
   415   300007  FF                 	db	255
   416                           
   417                           ;Config register CONFIG5L @ 0x300008
   418                           ;	Code Protection bit
   419                           ;	CP0 = OFF, Block 0 (000800-001FFFh) is not code-protected
   420                           ;	Code Protection bit
   421                           ;	CP1 = OFF, Block 1 (002000-003FFFh) is not code-protected
   422                           ;	Code Protection bit
   423                           ;	CP2 = OFF, Block 2 (004000-005FFFh) is not code-protected
   424                           ;	Code Protection bit
   425                           ;	CP3 = OFF, Block 3 (006000-007FFFh) is not code-protected
   426   300008                     	org	3145736
   427   300008  0F                 	db	15
   428                           
   429                           ;Config register CONFIG5H @ 0x300009
   430                           ;	Boot Block Code Protection bit
   431                           ;	CPB = OFF, Boot block (000000-0007FFh) is not code-protected
   432                           ;	Data EEPROM Code Protection bit
   433                           ;	CPD = OFF, Data EEPROM is not code-protected
   434   300009                     	org	3145737
   435   300009  C0                 	db	192
   436                           
   437                           ;Config register CONFIG6L @ 0x30000A
   438                           ;	Write Protection bit
   439                           ;	WRT0 = OFF, Block 0 (000800-001FFFh) is not write-protected
   440                           ;	Write Protection bit
   441                           ;	WRT1 = OFF, Block 1 (002000-003FFFh) is not write-protected
   442                           ;	Write Protection bit
   443                           ;	WRT2 = OFF, Block 2 (004000-005FFFh) is not write-protected
   444                           ;	Write Protection bit
   445                           ;	WRT3 = OFF, Block 3 (006000-007FFFh) is not write-protected
   446   30000A                     	org	3145738
   447   30000A  0F                 	db	15
   448                           
   449                           ;Config register CONFIG6H @ 0x30000B
   450                           ;	Configuration Register Write Protection bit
   451                           ;	WRTC = OFF, Configuration registers (300000-3000FFh) are not write-protected
   452                           ;	Boot Block Write Protection bit
   453                           ;	WRTB = OFF, Boot block (000000-0007FFh) is not write-protected
   454                           ;	Data EEPROM Write Protection bit
   455                           ;	WRTD = OFF, Data EEPROM is not write-protected
   456   30000B                     	org	3145739
   457   30000B  E0                 	db	224
   458                           
   459                           ;Config register CONFIG7L @ 0x30000C
   460                           ;	Table Read Protection bit
   461                           ;	EBTR0 = OFF, Block 0 (000800-001FFFh) is not protected from table reads executed in ot
      +                          her blocks
   462                           ;	Table Read Protection bit
   463                           ;	EBTR1 = OFF, Block 1 (002000-003FFFh) is not protected from table reads executed in ot
      +                          her blocks
   464                           ;	Table Read Protection bit
   465                           ;	EBTR2 = OFF, Block 2 (004000-005FFFh) is not protected from table reads executed in ot
      +                          her blocks
   466                           ;	Table Read Protection bit
   467                           ;	EBTR3 = OFF, Block 3 (006000-007FFFh) is not protected from table reads executed in ot
      +                          her blocks
   468   30000C                     	org	3145740
   469   30000C  0F                 	db	15
   470                           
   471                           ;Config register CONFIG7H @ 0x30000D
   472                           ;	Boot Block Table Read Protection bit
   473                           ;	EBTRB = OFF, Boot block (000000-0007FFh) is not protected from table reads executed in
      +                           other blocks
   474   30000D                     	org	3145741
   475   30000D  40                 	db	64
   476                           tosu	equ	0xFFF
   477                           tosh	equ	0xFFE
   478                           tosl	equ	0xFFD
   479                           stkptr	equ	0xFFC
   480                           pclatu	equ	0xFFB
   481                           pclath	equ	0xFFA
   482                           pcl	equ	0xFF9
   483                           tblptru	equ	0xFF8
   484                           tblptrh	equ	0xFF7
   485                           tblptrl	equ	0xFF6
   486                           tablat	equ	0xFF5
   487                           prodh	equ	0xFF4
   488                           prodl	equ	0xFF3
   489                           indf0	equ	0xFEF
   490                           postinc0	equ	0xFEE
   491                           postdec0	equ	0xFED
   492                           preinc0	equ	0xFEC
   493                           plusw0	equ	0xFEB
   494                           fsr0h	equ	0xFEA
   495                           fsr0l	equ	0xFE9
   496                           wreg	equ	0xFE8
   497                           indf1	equ	0xFE7
   498                           postinc1	equ	0xFE6
   499                           postdec1	equ	0xFE5
   500                           preinc1	equ	0xFE4
   501                           plusw1	equ	0xFE3
   502                           fsr1h	equ	0xFE2
   503                           fsr1l	equ	0xFE1
   504                           bsr	equ	0xFE0
   505                           indf2	equ	0xFDF
   506                           postinc2	equ	0xFDE
   507                           postdec2	equ	0xFDD
   508                           preinc2	equ	0xFDC
   509                           plusw2	equ	0xFDB
   510                           fsr2h	equ	0xFDA
   511                           fsr2l	equ	0xFD9
   512                           status	equ	0xFD8

Data Sizes:
    Strings     0
    Constant    0
    Data        0
    BSS         2
    Persistent  0
    Stack       0

Auto Spaces:
    Space          Size  Autos    Used
    COMRAM           94      2       4
    BANK0           160      0       0
    BANK1           256      0       0
    BANK2           256      0       0
    BANK3           256      0       0
    BANK4           256      0       0
    BANK5           256      0       0
    BANK6           256      0       0
    BANK7           256      0       0

Pointer List with Targets:

    None.

Critical Paths under _main in COMRAM

    None.

Critical Paths under _INT_UART_TX in COMRAM

    None.

Critical Paths under _main in BANK0

    None.

Critical Paths under _INT_UART_TX in BANK0

    None.

Critical Paths under _main in BANK1

    None.

Critical Paths under _INT_UART_TX in BANK1

    None.

Critical Paths under _main in BANK2

    None.

Critical Paths under _INT_UART_TX in BANK2

    None.

Critical Paths under _main in BANK3

    None.

Critical Paths under _INT_UART_TX in BANK3

    None.

Critical Paths under _main in BANK4

    None.

Critical Paths under _INT_UART_TX in BANK4

    None.

Critical Paths under _main in BANK5

    None.

Critical Paths under _INT_UART_TX in BANK5

    None.

Critical Paths under _main in BANK6

    None.

Critical Paths under _INT_UART_TX in BANK6

    None.

Critical Paths under _main in BANK7

    None.

Critical Paths under _INT_UART_TX in BANK7

    None.

Call Graph Tables:

 ---------------------------------------------------------------------------------
 (Depth) Function   	        Calls       Base Space   Used Autos Params    Refs
 ---------------------------------------------------------------------------------
 (0) _main                                                 0     0      0       0
                     _Configurations
 ---------------------------------------------------------------------------------
 (1) _Configurations                                       0     0      0       0
 ---------------------------------------------------------------------------------
 Estimated maximum stack depth 1
 ---------------------------------------------------------------------------------
 (Depth) Function   	        Calls       Base Space   Used Autos Params    Refs
 ---------------------------------------------------------------------------------
 (2) _INT_UART_TX                                          2     2      0       0
                                              0 COMRAM     2     2      0
 ---------------------------------------------------------------------------------
 Estimated maximum stack depth 2
 ---------------------------------------------------------------------------------

 Call Graph Graphs:

 _main (ROOT)
   _Configurations

 _INT_UART_TX (ROOT)

 Address spaces:
Name               Size   Autos  Total    Cost      Usage
BIGRAM             7FF      0       0      29        0.0%
EEDATA             100      0       0       0        0.0%
BITBANK7           100      0       0      18        0.0%
BANK7              100      0       0      19        0.0%
BITBANK6           100      0       0      16        0.0%
BANK6              100      0       0      17        0.0%
BITBANK5           100      0       0      14        0.0%
BANK5              100      0       0      15        0.0%
BITBANK4           100      0       0      12        0.0%
BANK4              100      0       0      13        0.0%
BITBANK3           100      0       0      10        0.0%
BANK3              100      0       0      11        0.0%
BITBANK2           100      0       0       8        0.0%
BANK2              100      0       0       9        0.0%
BITBANK1           100      0       0       6        0.0%
BANK1              100      0       0       7        0.0%
BITBANK0            A0      0       0       4        0.0%
BANK0               A0      0       0       5        0.0%
BITCOMRAM           5E      0       0       0        0.0%
COMRAM              5E      2       4       1        4.3%
BITBIGSFRlll        34      0       0      27        0.0%
BITBIGSFRhl         1C      0       0      21        0.0%
BITBIGSFRllhll      16      0       0      26        0.0%
BITBIGSFRllhh       11      0       0      24        0.0%
BITBIGSFRlhl         E      0       0      23        0.0%
BITBIGSFRhh          D      0       0      20        0.0%
BITBIGSFRlhh         2      0       0      22        0.0%
BITBIGSFRllhlh       2      0       0      25        0.0%
BIGSFR               0      0       0     200        0.0%
BITSFR               0      0       0     200        0.0%
SFR                  0      0       0     200        0.0%
STACK                0      0       0       2        0.0%
NULL                 0      0       0       0        0.0%
ABS                  0      0       4      28        0.0%
DATA                 0      0       4       3        0.0%
CODE                 0      0       0       0        0.0%


Microchip Technology PIC18 Macro Assembler V2.41 build 20230208172133 
Symbol Table                                                                                   Thu Jan 11 21:39:38 2024

                     l31 008E                       l32 008E                       l37 007A  
                    l800 006C                      l810 0076                      l802 006E  
                    l812 0078                      l804 0070                      l806 0072  
                    l814 008A                      l808 0074                      l792 0052  
                    l794 005A                      l796 005C                      l798 006A  
                   i2l44 004E                     _main 008A                     btemp 0005  
                   start 000E             ___param_bank 0000                    ?_main 0003  
                  i2l820 0024                    i2l822 003C                    i2l824 004A  
                  i2l816 0014                    i2l826 004C                    i2l818 0022  
                  _RCSTA 0FAB                    _SPBRG 0FAF                    _TXSTA 0FAC  
           ?_INT_UART_TX 0003                    _value 0001                    ttemp5 0006  
                  ttemp6 0009                    ttemp7 000D                    wtemp8 0006  
        __initialization 007C             __end_of_main 0096                   ??_main 0005  
          __activetblptr 0000                   _ADCON1 0FC1                   _OSCCON 0FD3  
                 i2u1_40 0022                   i2u1_41 001E                   i2u2_40 004A  
                 i2u2_41 0046                   isa$std 0001               __accesstop 0060  
__end_of__initialization 0080            ___rparam_used 0001           __pcstackCOMRAM 0003  
                __Hparam 0000                  __Lparam 0000                  __pcinit 007C  
                __ramtop 0800                  __ptext0 008A                  __ptext1 0052  
         __pintcode_body 0012     end_of_initialization 0080                  int_func 0012  
              _TRISCbits 0F94      start_initialization 007C           _Configurations 0052  
            __pbssCOMRAM 0001   __end_of_Configurations 007C            ??_INT_UART_TX 0003  
              __pintcode 0008          ?_Configurations 0003      __end_of_INT_UART_TX 0052  
               _RCONbits 0FD0              _INTCON2bits 0FF1              _INTCON3bits 0FF0  
               __Hrparam 0000                 __Lrparam 0000              _INT_UART_TX 0008  
               isa$xinst 0000                 int$flags 0005               _INTCONbits 0FF2  
               intlevel2 0000         ??_Configurations 0005          _Counter_Button1 0002  
