

Microchip MPLAB XC8 Assembler V2.41 build 20230208172133 
                                                                                               Tue Aug 01 23:45:59 2023

Microchip MPLAB XC8 C Compiler v2.41 (Free license) build 20230208172133 Og1 
     1                           	processor	18F4550
     2                           	fnconf	rparam,??,?,0
     3                           	pagewidth 120
     4                           	opt	flic
     5                           	psect	idataCOMRAM,global,class=CODE,delta=1,noexec
     6                           	psect	cinit,global,reloc=2,class=CODE,delta=1
     7                           	psect	dataCOMRAM,global,class=COMRAM,space=1,delta=1,lowdata,noexec
     8                           	psect	cstackCOMRAM,global,class=COMRAM,space=1,delta=1,lowdata,noexec
     9                           	psect	text0,global,reloc=2,class=CODE,delta=1
    10                           	psect	text1,global,reloc=2,class=CODE,delta=1
    11                           	psect	text2,global,reloc=2,class=CODE,delta=1
    12                           	psect	intsave_regs,global,class=BIGRAM,space=1,delta=1,noexec
    13                           	psect	rparam,global,class=COMRAM,space=1,delta=1,noexec
    14                           	psect	idloc,global,abs,ovrld,class=IDLOC,space=5,delta=1,noexec
    15                           	psect	config,global,abs,ovrld,class=CONFIG,space=4,delta=1,noexec
    16   000000                     
    17                           ; Version 2.40
    18                           ; Generated 17/11/2021 GMT
    19                           ; 
    20                           ; Copyright © 2021, Microchip Technology Inc. and its subsidiaries ("Microchip")
    21                           ; All rights reserved.
    22                           ; 
    23                           ; This software is developed by Microchip Technology Inc. and its subsidiaries ("Microch
      +                          ip").
    24                           ; 
    25                           ; Redistribution and use in source and binary forms, with or without modification, are
    26                           ; permitted provided that the following conditions are met:
    27                           ; 
    28                           ;     1. Redistributions of source code must retain the above copyright notice, this lis
      +                          t of
    29                           ;        conditions and the following disclaimer.
    30                           ; 
    31                           ;     2. Redistributions in binary form must reproduce the above copyright notice, this 
      +                          list
    32                           ;        of conditions and the following disclaimer in the documentation and/or other
    33                           ;        materials provided with the distribution. Publication is not required when
    34                           ;        this file is used in an embedded application.
    35                           ; 
    36                           ;     3. Microchip's name may not be used to endorse or promote products derived from th
      +                          is
    37                           ;        software without specific prior written permission.
    38                           ; 
    39                           ; THIS SOFTWARE IS PROVIDED BY MICROCHIP "AS IS" AND ANY EXPRESS OR IMPLIED WARRANTIES,
    40                           ; INCLUDING, BUT NOT LIMITED TO, THE IMPLIED WARRANTIES OF MERCHANTABILITY AND FITNESS F
      +                          OR
    41                           ; PURPOSE ARE DISCLAIMED.  IN NO EVENT SHALL MICROCHIP BE LIABLE FOR ANY DIRECT, INDIREC
      +                          T,
    42                           ; INCIDENTAL, SPECIAL, EXEMPLARY, OR CONSEQUENTIAL DAMAGES (INCLUDING BUT NOT LIMITED TO
    43                           ; PROCUREMENT OF SUBSTITUTE GOODS OR SERVICES; LOSS OF USE, DATA OR PROFITS; OR BUSINESS
    44                           ; INTERRUPTION) HOWSOEVER CAUSED AND ON ANY THEORY OF LIABILITY, WHETHER IN CONTRACT, ST
      +                          RICT
    45                           ; LIABILITY, OR TORT (INCLUDING NEGLIGENCE OR OTHERWISE) ARISING IN ANY WAY OUT OF THE U
      +                          SE OF
    46                           ; THIS SOFTWARE, EVEN IF ADVISED OF THE POSSIBILITY OF SUCH DAMAGE.
    47                           ; 
    48                           ; 
    49                           ; Code-generator required, PIC18F4550 Definitions
    50                           ; 
    51                           ; SFR Addresses
    52   000000                     
    53                           	psect	idataCOMRAM
    54   007F22                     __pidataCOMRAM:
    55                           	callstack 0
    56                           
    57                           ;initializer for _Time
    58   007F22  0190               	dw	400
    59   000000                     _LATA	set	3977
    60   000000                     _TRISA	set	3986
    61   000000                     _ADCON1	set	4033
    62   000000                     _OSCCON	set	4051
    63   000000                     _TRISE	set	3990
    64   000000                     _TRISD	set	3989
    65   000000                     _TRISC	set	3988
    66   000000                     _TRISB	set	3987
    67   000000                     _LATE	set	3981
    68   000000                     _LATD	set	3980
    69   000000                     _LATC	set	3979
    70   000000                     _LATB	set	3978
    71                           
    72                           ; #config settings
    73                           
    74                           	psect	cinit
    75   007F34                     __pcinit:
    76                           	callstack 0
    77   007F34                     start_initialization:
    78                           	callstack 0
    79   007F34                     __initialization:
    80                           	callstack 0
    81                           
    82                           ; Initialize objects allocated to COMRAM (2 bytes)
    83                           ; load TBLPTR registers with __pidataCOMRAM
    84   007F34  0E22               	movlw	low __pidataCOMRAM
    85   007F36  6EF6               	movwf	tblptrl,c
    86   007F38  0E7F               	movlw	high __pidataCOMRAM
    87   007F3A  6EF7               	movwf	tblptrh,c
    88   007F3C  0E00               	movlw	low (__pidataCOMRAM shr (0+16))
    89   007F3E  6EF8               	movwf	tblptru,c
    90   007F40  0009               	tblrd		*+	;fetch initializer
    91   007F42  CFF5 F00A          	movff	tablat,__pdataCOMRAM
    92   007F46  0009               	tblrd		*+	;fetch initializer
    93   007F48  CFF5 F00B          	movff	tablat,__pdataCOMRAM+1
    94   007F4C                     end_of_initialization:
    95                           	callstack 0
    96   007F4C                     __end_of__initialization:
    97                           	callstack 0
    98   007F4C  0100               	movlb	0
    99   007F4E  EF92  F03F         	goto	_main	;jump to C main() function
   100                           
   101                           	psect	dataCOMRAM
   102   00000A                     __pdataCOMRAM:
   103                           	callstack 0
   104   00000A                     _Time:
   105                           	callstack 0
   106   00000A                     	ds	2
   107                           
   108                           	psect	cstackCOMRAM
   109   000001                     __pcstackCOMRAM:
   110                           	callstack 0
   111   000001                     ??_Bitwise:
   112   000001                     
   113                           ; 1 bytes @ 0x0
   114   000001                     	ds	2
   115   000003                     Bitwise@c:
   116                           	callstack 0
   117                           
   118                           ; 1 bytes @ 0x2
   119   000003                     	ds	1
   120   000004                     Bitwise@i:
   121                           	callstack 0
   122                           
   123                           ; 2 bytes @ 0x3
   124   000004                     	ds	2
   125   000006                     Bitwise@N1:
   126                           	callstack 0
   127                           
   128                           ; 4 bytes @ 0x5
   129   000006                     	ds	4
   130   00000A                     
   131                           ; 1 bytes @ 0x9
   132 ;;
   133 ;;Main: autosize = 0, tempsize = 0, incstack = 0, save=0
   134 ;;
   135 ;; *************** function _main *****************
   136 ;; Defined at:
   137 ;;		line 28 in file "main.c"
   138 ;; Parameters:    Size  Location     Type
   139 ;;		None
   140 ;; Auto vars:     Size  Location     Type
   141 ;;		None
   142 ;; Return value:  Size  Location     Type
   143 ;;                  1    wreg      void 
   144 ;; Registers used:
   145 ;;		wreg, status,2, status,0, cstack
   146 ;; Tracked objects:
   147 ;;		On entry : 0/0
   148 ;;		On exit  : 0/0
   149 ;;		Unchanged: 0/0
   150 ;; Data sizes:     COMRAM   BANK0   BANK1   BANK2   BANK3   BANK4   BANK5   BANK6   BANK7
   151 ;;      Params:         0       0       0       0       0       0       0       0       0
   152 ;;      Locals:         0       0       0       0       0       0       0       0       0
   153 ;;      Temps:          0       0       0       0       0       0       0       0       0
   154 ;;      Totals:         0       0       0       0       0       0       0       0       0
   155 ;;Total ram usage:        0 bytes
   156 ;; Hardware stack levels required when called: 1
   157 ;; This function calls:
   158 ;;		_Bitwise
   159 ;;		_Configuration
   160 ;; This function is called by:
   161 ;;		Startup code after reset
   162 ;; This function uses a non-reentrant model
   163 ;;
   164                           
   165                           	psect	text0
   166   007F24                     __ptext0:
   167                           	callstack 0
   168   007F24                     _main:
   169                           	callstack 30
   170   007F24                     
   171                           ;main.c: 31:     Configuration();
   172   007F24  ECA9  F03F         	call	_Configuration	;wreg free
   173   007F28                     l756:
   174                           
   175                           ;main.c: 35:         Bitwise();
   176   007F28  ECC2  F03F         	call	_Bitwise	;wreg free
   177   007F2C  EF94  F03F         	goto	l756
   178   007F30  EF00  F000         	goto	start
   179   007F34                     __end_of_main:
   180                           	callstack 0
   181                           
   182 ;; *************** function _Configuration *****************
   183 ;; Defined at:
   184 ;;		line 44 in file "main.c"
   185 ;; Parameters:    Size  Location     Type
   186 ;;		None
   187 ;; Auto vars:     Size  Location     Type
   188 ;;		None
   189 ;; Return value:  Size  Location     Type
   190 ;;                  1    wreg      void 
   191 ;; Registers used:
   192 ;;		wreg, status,2
   193 ;; Tracked objects:
   194 ;;		On entry : 0/0
   195 ;;		On exit  : 0/0
   196 ;;		Unchanged: 0/0
   197 ;; Data sizes:     COMRAM   BANK0   BANK1   BANK2   BANK3   BANK4   BANK5   BANK6   BANK7
   198 ;;      Params:         0       0       0       0       0       0       0       0       0
   199 ;;      Locals:         0       0       0       0       0       0       0       0       0
   200 ;;      Temps:          0       0       0       0       0       0       0       0       0
   201 ;;      Totals:         0       0       0       0       0       0       0       0       0
   202 ;;Total ram usage:        0 bytes
   203 ;; Hardware stack levels used: 1
   204 ;; This function calls:
   205 ;;		Nothing
   206 ;; This function is called by:
   207 ;;		_main
   208 ;; This function uses a non-reentrant model
   209 ;;
   210                           
   211                           	psect	text1
   212   007F52                     __ptext1:
   213                           	callstack 0
   214   007F52                     _Configuration:
   215                           	callstack 30
   216   007F52                     
   217                           ;main.c: 46:     OSCCON = 0x72;
   218   007F52  0E72               	movlw	114
   219   007F54  6ED3               	movwf	211,c	;volatile
   220                           
   221                           ;main.c: 47:     ADCON1 = 0x0F;
   222   007F56  0E0F               	movlw	15
   223   007F58  6EC1               	movwf	193,c	;volatile
   224                           
   225                           ;main.c: 50:     TRISA = 0x00;
   226   007F5A  0E00               	movlw	0
   227   007F5C  6E92               	movwf	146,c	;volatile
   228                           
   229                           ;main.c: 51:     TRISB = 0x00;
   230   007F5E  0E00               	movlw	0
   231   007F60  6E93               	movwf	147,c	;volatile
   232                           
   233                           ;main.c: 52:     TRISC = 0x00;
   234   007F62  0E00               	movlw	0
   235   007F64  6E94               	movwf	148,c	;volatile
   236                           
   237                           ;main.c: 53:     TRISD = 0x00;
   238   007F66  0E00               	movlw	0
   239   007F68  6E95               	movwf	149,c	;volatile
   240                           
   241                           ;main.c: 54:     TRISE = 0x00;
   242   007F6A  0E00               	movlw	0
   243   007F6C  6E96               	movwf	150,c	;volatile
   244                           
   245                           ;main.c: 57:     LATA = 0x00;
   246   007F6E  0E00               	movlw	0
   247   007F70  6E89               	movwf	137,c	;volatile
   248                           
   249                           ;main.c: 58:     LATB = 0x00;
   250   007F72  0E00               	movlw	0
   251   007F74  6E8A               	movwf	138,c	;volatile
   252                           
   253                           ;main.c: 59:     LATC = 0x00;
   254   007F76  0E00               	movlw	0
   255   007F78  6E8B               	movwf	139,c	;volatile
   256                           
   257                           ;main.c: 60:     LATD = 0x00;
   258   007F7A  0E00               	movlw	0
   259   007F7C  6E8C               	movwf	140,c	;volatile
   260                           
   261                           ;main.c: 61:     LATE = 0x00;
   262   007F7E  0E00               	movlw	0
   263   007F80  6E8D               	movwf	141,c	;volatile
   264   007F82  0012               	return		;funcret
   265   007F84                     __end_of_Configuration:
   266                           	callstack 0
   267                           
   268 ;; *************** function _Bitwise *****************
   269 ;; Defined at:
   270 ;;		line 130 in file "main.c"
   271 ;; Parameters:    Size  Location     Type
   272 ;;		None
   273 ;; Auto vars:     Size  Location     Type
   274 ;;  i               2    3[COMRAM] int 
   275 ;;  N1              4    5[COMRAM] long 
   276 ;;  c               1    2[COMRAM] unsigned char 
   277 ;;  var             1    0        char 
   278 ;; Return value:  Size  Location     Type
   279 ;;                  1    wreg      void 
   280 ;; Registers used:
   281 ;;		wreg, status,2, status,0
   282 ;; Tracked objects:
   283 ;;		On entry : 0/0
   284 ;;		On exit  : 0/0
   285 ;;		Unchanged: 0/0
   286 ;; Data sizes:     COMRAM   BANK0   BANK1   BANK2   BANK3   BANK4   BANK5   BANK6   BANK7
   287 ;;      Params:         0       0       0       0       0       0       0       0       0
   288 ;;      Locals:         7       0       0       0       0       0       0       0       0
   289 ;;      Temps:          2       0       0       0       0       0       0       0       0
   290 ;;      Totals:         9       0       0       0       0       0       0       0       0
   291 ;;Total ram usage:        9 bytes
   292 ;; Hardware stack levels used: 1
   293 ;; This function calls:
   294 ;;		Nothing
   295 ;; This function is called by:
   296 ;;		_main
   297 ;; This function uses a non-reentrant model
   298 ;;
   299                           
   300                           	psect	text2
   301   007F84                     __ptext2:
   302                           	callstack 0
   303   007F84                     _Bitwise:
   304                           	callstack 30
   305   007F84                     
   306                           ;main.c: 135:     long N1 = 0x00000003;
   307   007F84  0E03               	movlw	3
   308   007F86  6E06               	movwf	Bitwise@N1^0,c
   309   007F88  0E00               	movlw	0
   310   007F8A  6E07               	movwf	(Bitwise@N1+1)^0,c
   311   007F8C  0E00               	movlw	0
   312   007F8E  6E08               	movwf	(Bitwise@N1+2)^0,c
   313   007F90  0E00               	movlw	0
   314   007F92  6E09               	movwf	(Bitwise@N1+3)^0,c
   315                           
   316                           ;main.c: 137:     char c = 'a';
   317   007F94  0E61               	movlw	97
   318   007F96  6E03               	movwf	Bitwise@c^0,c
   319                           
   320                           ;main.c: 139:     for (int i = 0; i < 36; i++) {
   321   007F98  0E00               	movlw	0
   322   007F9A  6E05               	movwf	(Bitwise@i+1)^0,c
   323   007F9C  0E00               	movlw	0
   324   007F9E  6E04               	movwf	Bitwise@i^0,c
   325   007FA0                     l62:
   326                           
   327                           ;main.c: 141:         LATA = N1;
   328   007FA0  C006  FF89         	movff	Bitwise@N1,3977	;volatile
   329                           
   330                           ;main.c: 142:         LATB = N1 >> 8;
   331   007FA4  C007  FF8A         	movff	Bitwise@N1+1,3978	;volatile
   332                           
   333                           ;main.c: 143:         LATC = N1 >> 16;
   334   007FA8  C008  FF8B         	movff	Bitwise@N1+2,3979	;volatile
   335                           
   336                           ;main.c: 144:         LATD = N1 >> 24;
   337   007FAC  C009  FF8C         	movff	Bitwise@N1+3,3980	;volatile
   338                           
   339                           ;main.c: 145:         LATE = N1 >> 32;
   340   007FB0  C006  FF8D         	movff	Bitwise@N1,3981	;volatile
   341   007FB4                     
   342                           ;main.c: 146:         _delay((unsigned long)((Time)*(8000000/4000.0)));
   343   007FB4  0E05               	movlw	5
   344   007FB6  6E02               	movwf	(??_Bitwise+1)^0,c
   345   007FB8  0E0F               	movlw	15
   346   007FBA  6E01               	movwf	??_Bitwise^0,c
   347   007FBC  0EF1               	movlw	241
   348   007FBE                     u517:
   349   007FBE  2EE8               	decfsz	wreg,f,c
   350   007FC0  D7FE               	bra	u517
   351   007FC2  2E01               	decfsz	??_Bitwise^0,f,c
   352   007FC4  D7FC               	bra	u517
   353   007FC6  2E02               	decfsz	(??_Bitwise+1)^0,f,c
   354   007FC8  D7FA               	bra	u517
   355   007FCA  F000               	nop	
   356   007FCC                     
   357                           ;main.c: 147:         N1 = N1 << 1;
   358   007FCC  90D8               	bcf	status,0,c
   359   007FCE  3406               	rlcf	Bitwise@N1^0,w,c
   360   007FD0  6E06               	movwf	Bitwise@N1^0,c
   361   007FD2  3407               	rlcf	(Bitwise@N1+1)^0,w,c
   362   007FD4  6E07               	movwf	(Bitwise@N1+1)^0,c
   363   007FD6  3408               	rlcf	(Bitwise@N1+2)^0,w,c
   364   007FD8  6E08               	movwf	(Bitwise@N1+2)^0,c
   365   007FDA  3409               	rlcf	(Bitwise@N1+3)^0,w,c
   366   007FDC  6E09               	movwf	(Bitwise@N1+3)^0,c
   367                           
   368                           ;main.c: 149:     }
   369   007FDE  4A04               	infsnz	Bitwise@i^0,f,c
   370   007FE0  2A05               	incf	(Bitwise@i+1)^0,f,c
   371   007FE2  BE05               	btfsc	(Bitwise@i+1)^0,7,c
   372   007FE4  EFFD  F03F         	goto	u11
   373   007FE8  5005               	movf	(Bitwise@i+1)^0,w,c
   374   007FEA  E109               	bnz	u10
   375   007FEC  0E24               	movlw	36
   376   007FEE  5C04               	subwf	Bitwise@i^0,w,c
   377   007FF0  A0D8               	btfss	status,0,c
   378   007FF2  EFFD  F03F         	goto	u11
   379   007FF6  EFFF  F03F         	goto	u10
   380   007FFA                     u11:
   381   007FFA  EFD0  F03F         	goto	l62
   382   007FFE                     u10:
   383   007FFE  0012               	return		;funcret
   384   008000                     __end_of_Bitwise:
   385                           	callstack 0
   386   000000                     
   387                           	psect	rparam
   388   000000                     
   389                           	psect	idloc
   390                           
   391                           ;Config register IDLOC0 @ 0x200000
   392                           ;	unspecified, using default values
   393   200000                     	org	2097152
   394   200000  FF                 	db	255
   395                           
   396                           ;Config register IDLOC1 @ 0x200001
   397                           ;	unspecified, using default values
   398   200001                     	org	2097153
   399   200001  FF                 	db	255
   400                           
   401                           ;Config register IDLOC2 @ 0x200002
   402                           ;	unspecified, using default values
   403   200002                     	org	2097154
   404   200002  FF                 	db	255
   405                           
   406                           ;Config register IDLOC3 @ 0x200003
   407                           ;	unspecified, using default values
   408   200003                     	org	2097155
   409   200003  FF                 	db	255
   410                           
   411                           ;Config register IDLOC4 @ 0x200004
   412                           ;	unspecified, using default values
   413   200004                     	org	2097156
   414   200004  FF                 	db	255
   415                           
   416                           ;Config register IDLOC5 @ 0x200005
   417                           ;	unspecified, using default values
   418   200005                     	org	2097157
   419   200005  FF                 	db	255
   420                           
   421                           ;Config register IDLOC6 @ 0x200006
   422                           ;	unspecified, using default values
   423   200006                     	org	2097158
   424   200006  FF                 	db	255
   425                           
   426                           ;Config register IDLOC7 @ 0x200007
   427                           ;	unspecified, using default values
   428   200007                     	org	2097159
   429   200007  FF                 	db	255
   430                           
   431                           	psect	config
   432                           
   433                           ;Config register CONFIG1L @ 0x300000
   434                           ;	PLL Prescaler Selection bits
   435                           ;	PLLDIV = 1, No prescale (4 MHz oscillator input drives PLL directly)
   436                           ;	System Clock Postscaler Selection bits
   437                           ;	CPUDIV = OSC1_PLL2, [Primary Oscillator Src: /1][96 MHz PLL Src: /2]
   438                           ;	USB Clock Selection bit (used in Full-Speed USB mode only; UCFG:FSEN = 1)
   439                           ;	USBDIV = 1, USB clock source comes directly from the primary oscillator block with no 
      +                          postscale
   440   300000                     	org	3145728
   441   300000  00                 	db	0
   442                           
   443                           ;Config register CONFIG1H @ 0x300001
   444                           ;	Oscillator Selection bits
   445                           ;	FOSC = INTOSCIO_EC, Internal oscillator, port function on RA6, EC used by USB (INTIO)
   446                           ;	Fail-Safe Clock Monitor Enable bit
   447                           ;	FCMEN = OFF, Fail-Safe Clock Monitor disabled
   448                           ;	Internal/External Oscillator Switchover bit
   449                           ;	IESO = OFF, Oscillator Switchover mode disabled
   450   300001                     	org	3145729
   451   300001  08                 	db	8
   452                           
   453                           ;Config register CONFIG2L @ 0x300002
   454                           ;	Power-up Timer Enable bit
   455                           ;	PWRT = OFF, PWRT disabled
   456                           ;	Brown-out Reset Enable bits
   457                           ;	BOR = OFF, Brown-out Reset disabled in hardware and software
   458                           ;	Brown-out Reset Voltage bits
   459                           ;	BORV = 3, Minimum setting 2.05V
   460                           ;	USB Voltage Regulator Enable bit
   461                           ;	VREGEN = OFF, USB voltage regulator disabled
   462   300002                     	org	3145730
   463   300002  19                 	db	25
   464                           
   465                           ;Config register CONFIG2H @ 0x300003
   466                           ;	Watchdog Timer Enable bit
   467                           ;	WDT = OFF, WDT disabled (control is placed on the SWDTEN bit)
   468                           ;	Watchdog Timer Postscale Select bits
   469                           ;	WDTPS = 32768, 1:32768
   470   300003                     	org	3145731
   471   300003  1E                 	db	30
   472                           
   473                           ; Padding undefined space
   474   300004                     	org	3145732
   475   300004  FF                 	db	255
   476                           
   477                           ;Config register CONFIG3H @ 0x300005
   478                           ;	CCP2 MUX bit
   479                           ;	CCP2MX = ON, CCP2 input/output is multiplexed with RC1
   480                           ;	PORTB A/D Enable bit
   481                           ;	PBADEN = ON, PORTB<4:0> pins are configured as analog input channels on Reset
   482                           ;	Low-Power Timer 1 Oscillator Enable bit
   483                           ;	LPT1OSC = OFF, Timer1 configured for higher power operation
   484                           ;	MCLR Pin Enable bit
   485                           ;	MCLRE = ON, MCLR pin enabled; RE3 input pin disabled
   486   300005                     	org	3145733
   487   300005  83                 	db	131
   488                           
   489                           ;Config register CONFIG4L @ 0x300006
   490                           ;	Stack Full/Underflow Reset Enable bit
   491                           ;	STVREN = ON, Stack full/underflow will cause Reset
   492                           ;	Single-Supply ICSP Enable bit
   493                           ;	LVP = OFF, Single-Supply ICSP disabled
   494                           ;	Dedicated In-Circuit Debug/Programming Port (ICPORT) Enable bit
   495                           ;	ICPRT = OFF, ICPORT disabled
   496                           ;	Extended Instruction Set Enable bit
   497                           ;	XINST = OFF, Instruction set extension and Indexed Addressing mode disabled (Legacy mo
      +                          de)
   498                           ;	Background Debugger Enable bit
   499                           ;	DEBUG = 0x1, unprogrammed default
   500   300006                     	org	3145734
   501   300006  81                 	db	129
   502                           
   503                           ; Padding undefined space
   504   300007                     	org	3145735
   505   300007  FF                 	db	255
   506                           
   507                           ;Config register CONFIG5L @ 0x300008
   508                           ;	Code Protection bit
   509                           ;	CP0 = OFF, Block 0 (000800-001FFFh) is not code-protected
   510                           ;	Code Protection bit
   511                           ;	CP1 = OFF, Block 1 (002000-003FFFh) is not code-protected
   512                           ;	Code Protection bit
   513                           ;	CP2 = OFF, Block 2 (004000-005FFFh) is not code-protected
   514                           ;	Code Protection bit
   515                           ;	CP3 = OFF, Block 3 (006000-007FFFh) is not code-protected
   516   300008                     	org	3145736
   517   300008  0F                 	db	15
   518                           
   519                           ;Config register CONFIG5H @ 0x300009
   520                           ;	Boot Block Code Protection bit
   521                           ;	CPB = OFF, Boot block (000000-0007FFh) is not code-protected
   522                           ;	Data EEPROM Code Protection bit
   523                           ;	CPD = OFF, Data EEPROM is not code-protected
   524   300009                     	org	3145737
   525   300009  C0                 	db	192
   526                           
   527                           ;Config register CONFIG6L @ 0x30000A
   528                           ;	Write Protection bit
   529                           ;	WRT0 = OFF, Block 0 (000800-001FFFh) is not write-protected
   530                           ;	Write Protection bit
   531                           ;	WRT1 = OFF, Block 1 (002000-003FFFh) is not write-protected
   532                           ;	Write Protection bit
   533                           ;	WRT2 = OFF, Block 2 (004000-005FFFh) is not write-protected
   534                           ;	Write Protection bit
   535                           ;	WRT3 = OFF, Block 3 (006000-007FFFh) is not write-protected
   536   30000A                     	org	3145738
   537   30000A  0F                 	db	15
   538                           
   539                           ;Config register CONFIG6H @ 0x30000B
   540                           ;	Configuration Register Write Protection bit
   541                           ;	WRTC = OFF, Configuration registers (300000-3000FFh) are not write-protected
   542                           ;	Boot Block Write Protection bit
   543                           ;	WRTB = OFF, Boot block (000000-0007FFh) is not write-protected
   544                           ;	Data EEPROM Write Protection bit
   545                           ;	WRTD = OFF, Data EEPROM is not write-protected
   546   30000B                     	org	3145739
   547   30000B  E0                 	db	224
   548                           
   549                           ;Config register CONFIG7L @ 0x30000C
   550                           ;	Table Read Protection bit
   551                           ;	EBTR0 = OFF, Block 0 (000800-001FFFh) is not protected from table reads executed in ot
      +                          her blocks
   552                           ;	Table Read Protection bit
   553                           ;	EBTR1 = OFF, Block 1 (002000-003FFFh) is not protected from table reads executed in ot
      +                          her blocks
   554                           ;	Table Read Protection bit
   555                           ;	EBTR2 = OFF, Block 2 (004000-005FFFh) is not protected from table reads executed in ot
      +                          her blocks
   556                           ;	Table Read Protection bit
   557                           ;	EBTR3 = OFF, Block 3 (006000-007FFFh) is not protected from table reads executed in ot
      +                          her blocks
   558   30000C                     	org	3145740
   559   30000C  0F                 	db	15
   560                           
   561                           ;Config register CONFIG7H @ 0x30000D
   562                           ;	Boot Block Table Read Protection bit
   563                           ;	EBTRB = OFF, Boot block (000000-0007FFh) is not protected from table reads executed in
      +                           other blocks
   564   30000D                     	org	3145741
   565   30000D  40                 	db	64
   566                           tosu	equ	0xFFF
   567                           tosh	equ	0xFFE
   568                           tosl	equ	0xFFD
   569                           stkptr	equ	0xFFC
   570                           pclatu	equ	0xFFB
   571                           pclath	equ	0xFFA
   572                           pcl	equ	0xFF9
   573                           tblptru	equ	0xFF8
   574                           tblptrh	equ	0xFF7
   575                           tblptrl	equ	0xFF6
   576                           tablat	equ	0xFF5
   577                           prodh	equ	0xFF4
   578                           prodl	equ	0xFF3
   579                           indf0	equ	0xFEF
   580                           postinc0	equ	0xFEE
   581                           postdec0	equ	0xFED
   582                           preinc0	equ	0xFEC
   583                           plusw0	equ	0xFEB
   584                           fsr0h	equ	0xFEA
   585                           fsr0l	equ	0xFE9
   586                           wreg	equ	0xFE8
   587                           indf1	equ	0xFE7
   588                           postinc1	equ	0xFE6
   589                           postdec1	equ	0xFE5
   590                           preinc1	equ	0xFE4
   591                           plusw1	equ	0xFE3
   592                           fsr1h	equ	0xFE2
   593                           fsr1l	equ	0xFE1
   594                           bsr	equ	0xFE0
   595                           indf2	equ	0xFDF
   596                           postinc2	equ	0xFDE
   597                           postdec2	equ	0xFDD
   598                           preinc2	equ	0xFDC
   599                           plusw2	equ	0xFDB
   600                           fsr2h	equ	0xFDA
   601                           fsr2l	equ	0xFD9
   602                           status	equ	0xFD8

Data Sizes:
    Strings     0
    Constant    0
    Data        2
    BSS         0
    Persistent  0
    Stack       0

Auto Spaces:
    Space          Size  Autos    Used
    COMRAM           95      9      11
    BANK0           160      0       0
    BANK1           256      0       0
    BANK2           256      0       0
    BANK3           256      0       0
    BANK4           256      0       0
    BANK5           256      0       0
    BANK6           256      0       0
    BANK7           256      0       0

Pointer List with Targets:

    None.

Critical Paths under _main in COMRAM

    _main->_Bitwise

Critical Paths under _main in BANK0

    None.

Critical Paths under _main in BANK1

    None.

Critical Paths under _main in BANK2

    None.

Critical Paths under _main in BANK3

    None.

Critical Paths under _main in BANK4

    None.

Critical Paths under _main in BANK5

    None.

Critical Paths under _main in BANK6

    None.

Critical Paths under _main in BANK7

    None.

Call Graph Tables:

 ---------------------------------------------------------------------------------
 (Depth) Function   	        Calls       Base Space   Used Autos Params    Refs
 ---------------------------------------------------------------------------------
 (0) _main                                                 0     0      0     120
                            _Bitwise
                      _Configuration
 ---------------------------------------------------------------------------------
 (1) _Configuration                                        0     0      0       0
 ---------------------------------------------------------------------------------
 (1) _Bitwise                                             10    10      0     120
                                              0 COMRAM     9     9      0
 ---------------------------------------------------------------------------------
 Estimated maximum stack depth 1
 ---------------------------------------------------------------------------------

 Call Graph Graphs:

 _main (ROOT)
   _Bitwise
   _Configuration

 Address spaces:
Name               Size   Autos  Total    Cost      Usage
BIGRAM             7FF      0       0      26        0.0%
EEDATA             100      0       0       0        0.0%
BITBANK7           100      0       0      19        0.0%
BANK7              100      0       0      20        0.0%
BITBANK6           100      0       0      17        0.0%
BANK6              100      0       0      18        0.0%
BITBANK5           100      0       0      15        0.0%
BANK5              100      0       0      16        0.0%
BITBANK4           100      0       0      13        0.0%
BANK4              100      0       0      14        0.0%
BITBANK3           100      0       0      11        0.0%
BANK3              100      0       0      12        0.0%
BITBANK2           100      0       0       9        0.0%
BANK2              100      0       0      10        0.0%
BITBANK1           100      0       0       7        0.0%
BANK1              100      0       0       8        0.0%
BITBANK0            A0      0       0       5        0.0%
BANK0               A0      0       0       6        0.0%
BITCOMRAM           5F      0       0       0        0.0%
COMRAM              5F      9       B       1       11.6%
BITBIGSFRh          2C      0       0      21        0.0%
BITBIGSFRllh        2A      0       0      23        0.0%
BITBIGSFRllll       29      0       0      25        0.0%
BITBIGSFRlh         11      0       0      22        0.0%
BITBIGSFRlllh        4      0       0      24        0.0%
BIGSFR               0      0       0     200        0.0%
BITSFR               0      0       0     200        0.0%
SFR                  0      0       0     200        0.0%
STACK                0      0       0       2        0.0%
NULL                 0      0       0       0        0.0%
ABS                  0      0       B       3        0.0%
DATA                 0      0       B       4        0.0%
CODE                 0      0       0       0        0.0%


Microchip Technology PIC18 Macro Assembler V2.41 build 20230208172133 
Symbol Table                                                                                   Tue Aug 01 23:45:59 2023

                     l43 7F82                       l62 7FA0                       l64 7FFE  
                     u10 7FFE                       u11 7FFA                      l740 7F52  
                    l750 7FCC                      l742 7F84                      l752 7FE2  
                    l754 7F24                      l748 7FB4                      l756 7F28  
                    u517 7FBE                      wreg 0FE8                     _LATA 0F89  
                   _LATB 0F8A                     _LATC 0F8B                     _LATD 0F8C  
                   _LATE 0F8D                     _Time 000A                     _main 7F24  
                   start 0000          __end_of_Bitwise 8000             ___param_bank 0000  
                  ?_main 0001                    _TRISA 0F92                    _TRISB 0F93  
                  _TRISC 0F94                    _TRISD 0F95                    _TRISE 0F96  
                  tablat 0FF5                    status 0FD8          __initialization 7F34  
           __end_of_main 7F34                   ??_main 000A            __activetblptr 0000  
                 _ADCON1 0FC1                   _OSCCON 0FD3                ??_Bitwise 0001  
                 isa$std 0001             __pdataCOMRAM 000A                   tblptrh 0FF7  
                 tblptrl 0FF6                   tblptru 0FF8               __accesstop 0060  
__end_of__initialization 7F4C            ___rparam_used 0001           __pcstackCOMRAM 0001  
  __end_of_Configuration 7F84                  _Bitwise 7F84                  __Hparam 0000  
                __Lparam 0000                  __pcinit 7F34                  __ramtop 0800  
                __ptext0 7F24                  __ptext1 7F52                  __ptext2 7F84  
   end_of_initialization 7F4C                Bitwise@N1 0006            __pidataCOMRAM 7F22  
    start_initialization 7F34                 ?_Bitwise 0001                 Bitwise@c 0003  
               Bitwise@i 0004            _Configuration 7F52                 __Hrparam 0000  
               __Lrparam 0000           ?_Configuration 0001                 isa$xinst 0000  
        ??_Configuration 0001  
